2026-05-07T18:00:02Z [session] bootstrap_begin stage=startup
2026-05-07T18:00:02Z [startup] WindroseTextSigns initialized
2026-05-07T18:00:02Z [build] version=0.1.2-prototype compiled=May  7 2026 10:43:10 flags=configurable-hotkey,phase2-role-aware-sidecar,remote-cache-routing,staticconstruct-gated,phase6-native-udp-bridge,bridge-auto-route,bridge-batched-snapshots,phase7-umg-no-llhook,dedicated-no-render-components,phase4-marker-guard,restore-scan-diag,label-text-native-icon-hide,probes-default-off
2026-05-07T18:00:02Z [role] runtimeRole=LocalClientPending dataMode=LocalClientStartupCache authorityMode=WorldAuthorityPending sidecarKind=cache authoritative=false profileRoot=C:\Users\User\AppData\Local\R5\Saved\SaveProfiles\76561198030415692 worldFolderId=F4EB58F49B43496DDFB0D9390341E188
2026-05-07T18:00:02Z [relay] config enabled=false baseUrl=none roomId=wts-v1-f4eb58f49b43496ddfb0d9390341e188 pollMs=5000 auth=none transport=cloudflare-http-poll status=scaffold
2026-05-07T18:00:02Z [bridge] config udpPort=45801 remoteServerHost=127.0.0.1 configuredHost=auto autoRoute=true upnpEnabled=true upnpMode=auto
2026-05-07T18:00:02Z [save] data_root=C:\Users\User\AppData\Local\R5\Saved\SaveProfiles\76561198030415692\WindroseTextSigns\StartupCache\F4EB58F49B43496DDFB0D9390341E188 sidecar=C:\Users\User\AppData\Local\R5\Saved\SaveProfiles\76561198030415692\WindroseTextSigns\StartupCache\F4EB58F49B43496DDFB0D9390341E188\SignTexts.json backups=C:\Users\User\AppData\Local\R5\Saved\SaveProfiles\76561198030415692\WindroseTextSigns\StartupCache\F4EB58F49B43496DDFB0D9390341E188\Backups
2026-05-07T18:00:02Z [probe] StaticConstructObject post-probe config enabled=false
2026-05-07T18:00:02Z [probe] Phase5 placement probe config enabled=false
2026-05-07T18:00:02Z [probe] Phase5 build-menu selection probe config enabled=false
2026-05-07T18:00:02Z [visual] hideNativeLabelIcon=true diagnostics=false
2026-05-07T18:00:02Z [phase4-font] config enabled=false asset=none hint= nativeFallback=false
2026-05-07T18:00:02Z [native-transport-probe] config enabled=false
2026-05-07T18:00:02Z [player-marker-replication-probe] config enabled=false startMode=action actionTrigger=false actionTokens=melee,attack,weapon,swing,ability,combat,primaryfire,fire,dodge,jump
2026-05-07T18:00:02Z [input] hotkey config=F8 resolved=F8 vk=119
2026-05-07T18:00:02Z [save] using sidecar path=C:\Users\User\AppData\Local\R5\Saved\SaveProfiles\76561198030415692\WindroseTextSigns\StartupCache\F4EB58F49B43496DDFB0D9390341E188\SignTexts.json
2026-05-07T18:00:02Z [save] load_start path=C:\Users\User\AppData\Local\R5\Saved\SaveProfiles\76561198030415692\WindroseTextSigns\StartupCache\F4EB58F49B43496DDFB0D9390341E188\SignTexts.json
2026-05-07T18:00:02Z [save] load_record key=genlandiamulty/BuildingBlock|AAE446A44AD9488E71A66C34C47D53D3|17 stableId=BuildingBlock|AAE446A44AD9488E71A66C34C47D53D3|17 worldId=genlandiamulty path=C:\Users\User\AppData\Local\R5\Saved\SaveProfiles\76561198030415692\WindroseTextSigns\StartupCache\F4EB58F49B43496DDFB0D9390341E188\SignTexts.json
2026-05-07T18:00:02Z [save] load_record key=genlandiamulty/BuildingBlock|AAE446A44AD9488E71A66C34C47D53D3|16 stableId=BuildingBlock|AAE446A44AD9488E71A66C34C47D53D3|16 worldId=genlandiamulty path=C:\Users\User\AppData\Local\R5\Saved\SaveProfiles\76561198030415692\WindroseTextSigns\StartupCache\F4EB58F49B43496DDFB0D9390341E188\SignTexts.json
2026-05-07T18:00:02Z [save] load_record key=genlandiamulty/BuildingBlock|AAE446A44AD9488E71A66C34C47D53D3|13 stableId=BuildingBlock|AAE446A44AD9488E71A66C34C47D53D3|13 worldId=genlandiamulty path=C:\Users\User\AppData\Local\R5\Saved\SaveProfiles\76561198030415692\WindroseTextSigns\StartupCache\F4EB58F49B43496DDFB0D9390341E188\SignTexts.json
2026-05-07T18:00:02Z [save] load_record key=genlandiamulty/BuildingBlock|AAE446A44AD9488E71A66C34C47D53D3|15 stableId=BuildingBlock|AAE446A44AD9488E71A66C34C47D53D3|15 worldId=genlandiamulty path=C:\Users\User\AppData\Local\R5\Saved\SaveProfiles\76561198030415692\WindroseTextSigns\StartupCache\F4EB58F49B43496DDFB0D9390341E188\SignTexts.json
2026-05-07T18:00:02Z [save] load_record key=genlandiamulty/BuildingBlock|AAE446A44AD9488E71A66C34C47D53D3|14 stableId=BuildingBlock|AAE446A44AD9488E71A66C34C47D53D3|14 worldId=genlandiamulty path=C:\Users\User\AppData\Local\R5\Saved\SaveProfiles\76561198030415692\WindroseTextSigns\StartupCache\F4EB58F49B43496DDFB0D9390341E188\SignTexts.json
2026-05-07T18:00:02Z [save] load_record key=genlandiamulty/BuildingBlock|AAE446A44AD9488E71A66C34C47D53D3|12 stableId=BuildingBlock|AAE446A44AD9488E71A66C34C47D53D3|12 worldId=genlandiamulty path=C:\Users\User\AppData\Local\R5\Saved\SaveProfiles\76561198030415692\WindroseTextSigns\StartupCache\F4EB58F49B43496DDFB0D9390341E188\SignTexts.json
2026-05-07T18:00:02Z [save] load_done records=6 parsedRows=6 revision=0 path=C:\Users\User\AppData\Local\R5\Saved\SaveProfiles\76561198030415692\WindroseTextSigns\StartupCache\F4EB58F49B43496DDFB0D9390341E188\SignTexts.json
2026-05-07T18:00:02Z [input] Registered hotkeys: F8=target/open_editor
2026-05-07T18:00:02Z [phase7] native_ui_probe supported=false userWidget=1 widgetTree=1 editableText=1 button=1 panel=1 addToViewport=1 removeFromParent=1 inputGameAndUI=0 inputGameOnly=0
2026-05-07T18:00:02Z [phase7] native_ui_probe fallback=imgui reason=missing_required_umg_or_input_mode
2026-05-07T18:00:02Z [probe] ProcessEvent pre-probe skipped reason=disabled
2026-05-07T18:00:02Z [probe] StaticConstructObject post-probe skipped reason=disabled
2026-05-07T18:00:02Z [phase] Phase 1 bootstrap active: hooks + hotkey + sidecar loaded
2026-05-07T18:00:02Z [bridge] status role=Unknown worldId=F4EB58F49B43496DDFB0D9390341E188 authoritative=false routeHost=127.0.0.1 autoRoute=true snapshotReceived=false health=ok snapshotActive=false snapshotSeen=0 snapshotExpected=-1 snapshotRetries=0 pending=0 labels=6 native={"mode":"wts_native_bridge_udp","role":0,"known_clients":0,"udp_server_port":45801,"remote_server_host":"127.0.0.1","remote_server_port":45801,"remote_server_resolved":false,"send_to_server_calls":0,"broadcast_to_clients_calls":0,"poll_calls":1,"dropped_queue_full":0,"dropped_payload_too_large":0}
2026-05-07T18:00:04Z [save] restore_scan waiting reason=no_active_world
2026-05-07T18:00:06Z [save] restore_scan active
2026-05-07T18:00:06Z [save] prune_destroyed_label deferred reason=warmup_scan_guard count=1
2026-05-07T18:00:22Z [bridge] status role=Unknown worldId=F4EB58F49B43496DDFB0D9390341E188 authoritative=false routeHost=127.0.0.1 autoRoute=true snapshotReceived=false health=ok snapshotActive=false snapshotSeen=0 snapshotExpected=-1 snapshotRetries=0 pending=0 labels=6 native={"mode":"wts_native_bridge_udp","role":0,"known_clients":0,"udp_server_port":45801,"remote_server_host":"127.0.0.1","remote_server_port":45801,"remote_server_resolved":false,"send_to_server_calls":0,"broadcast_to_clients_calls":0,"poll_calls":3488,"dropped_queue_full":0,"dropped_payload_too_large":0}
2026-05-07T18:00:32Z [save] restore_scan waiting reason=no_active_world
2026-05-07T18:00:34Z [save] restore_scan active
2026-05-07T18:00:42Z [bridge] status role=Unknown worldId=F4EB58F49B43496DDFB0D9390341E188 authoritative=false routeHost=127.0.0.1 autoRoute=true snapshotReceived=false health=ok snapshotActive=false snapshotSeen=0 snapshotExpected=-1 snapshotRetries=0 pending=0 labels=6 native={"mode":"wts_native_bridge_udp","role":0,"known_clients":0,"udp_server_port":45801,"remote_server_host":"127.0.0.1","remote_server_port":45801,"remote_server_resolved":false,"send_to_server_calls":0,"broadcast_to_clients_calls":0,"poll_calls":7031,"dropped_queue_full":0,"dropped_payload_too_large":0}
2026-05-07T18:01:02Z [bridge] status role=Unknown worldId=F4EB58F49B43496DDFB0D9390341E188 authoritative=false routeHost=127.0.0.1 autoRoute=true snapshotReceived=false health=ok snapshotActive=false snapshotSeen=0 snapshotExpected=-1 snapshotRetries=0 pending=0 labels=6 native={"mode":"wts_native_bridge_udp","role":0,"known_clients":0,"udp_server_port":45801,"remote_server_host":"127.0.0.1","remote_server_port":45801,"remote_server_resolved":false,"send_to_server_calls":0,"broadcast_to_clients_calls":0,"poll_calls":10566,"dropped_queue_full":0,"dropped_payload_too_large":0}
2026-05-07T18:01:14Z [role] sidecar_route reason=world_authority_absent_remote_cache runtimeRole=RemoteClient dataMode=RemoteClientCache authorityMode=ServerAuthoritativePendingBridge sidecarKind=cache authoritative=false profileRoot=C:\Users\User\AppData\Local\R5\Saved\SaveProfiles\76561198030415692 worldFolderId=1556652C185649FE4F9908010CBF9860 oldSidecar=C:\Users\User\AppData\Local\R5\Saved\SaveProfiles\76561198030415692\WindroseTextSigns\StartupCache\F4EB58F49B43496DDFB0D9390341E188\SignTexts.json newSidecar=C:\Users\User\AppData\Local\R5\Saved\SaveProfiles\76561198030415692\WindroseTextSigns\RemoteCache\1556652C185649FE4F9908010CBF9860\SignTexts.json
2026-05-07T18:01:14Z [save] load_start path=C:\Users\User\AppData\Local\R5\Saved\SaveProfiles\76561198030415692\WindroseTextSigns\RemoteCache\1556652C185649FE4F9908010CBF9860\SignTexts.json
2026-05-07T18:01:14Z [save] load_record key=1556652C185649FE4F9908010CBF9860/BuildingBlock|788158CFF1FB49235F8DB857833B075F|13 stableId=BuildingBlock|788158CFF1FB49235F8DB857833B075F|13 worldId=1556652C185649FE4F9908010CBF9860 path=C:\Users\User\AppData\Local\R5\Saved\SaveProfiles\76561198030415692\WindroseTextSigns\RemoteCache\1556652C185649FE4F9908010CBF9860\SignTexts.json
2026-05-07T18:01:14Z [save] load_record key=1556652C185649FE4F9908010CBF9860/BuildingBlock|788158CFF1FB49235F8DB857833B075F|7 stableId=BuildingBlock|788158CFF1FB49235F8DB857833B075F|7 worldId=1556652C185649FE4F9908010CBF9860 path=C:\Users\User\AppData\Local\R5\Saved\SaveProfiles\76561198030415692\WindroseTextSigns\RemoteCache\1556652C185649FE4F9908010CBF9860\SignTexts.json
2026-05-07T18:01:14Z [save] load_record key=1556652C185649FE4F9908010CBF9860/BuildingBlock|788158CFF1FB49235F8DB857833B075F|12 stableId=BuildingBlock|788158CFF1FB49235F8DB857833B075F|12 worldId=1556652C185649FE4F9908010CBF9860 path=C:\Users\User\AppData\Local\R5\Saved\SaveProfiles\76561198030415692\WindroseTextSigns\RemoteCache\1556652C185649FE4F9908010CBF9860\SignTexts.json
2026-05-07T18:01:14Z [save] load_record key=1556652C185649FE4F9908010CBF9860/BuildingBlock|788158CFF1FB49235F8DB857833B075F|11 stableId=BuildingBlock|788158CFF1FB49235F8DB857833B075F|11 worldId=1556652C185649FE4F9908010CBF9860 path=C:\Users\User\AppData\Local\R5\Saved\SaveProfiles\76561198030415692\WindroseTextSigns\RemoteCache\1556652C185649FE4F9908010CBF9860\SignTexts.json
2026-05-07T18:01:14Z [save] load_record key=1556652C185649FE4F9908010CBF9860/BuildingBlock|788158CFF1FB49235F8DB857833B075F|8 stableId=BuildingBlock|788158CFF1FB49235F8DB857833B075F|8 worldId=1556652C185649FE4F9908010CBF9860 path=C:\Users\User\AppData\Local\R5\Saved\SaveProfiles\76561198030415692\WindroseTextSigns\RemoteCache\1556652C185649FE4F9908010CBF9860\SignTexts.json
2026-05-07T18:01:14Z [save] load_record key=1556652C185649FE4F9908010CBF9860/BuildingBlock|788158CFF1FB49235F8DB857833B075F|14 stableId=BuildingBlock|788158CFF1FB49235F8DB857833B075F|14 worldId=1556652C185649FE4F9908010CBF9860 path=C:\Users\User\AppData\Local\R5\Saved\SaveProfiles\76561198030415692\WindroseTextSigns\RemoteCache\1556652C185649FE4F9908010CBF9860\SignTexts.json
2026-05-07T18:01:14Z [save] load_done records=6 parsedRows=6 revision=52 path=C:\Users\User\AppData\Local\R5\Saved\SaveProfiles\76561198030415692\WindroseTextSigns\RemoteCache\1556652C185649FE4F9908010CBF9860\SignTexts.json
2026-05-07T18:01:14Z [bridge] role_set reason=sidecar_route role=RemoteClient runtimeRole=RemoteClient authorityMode=ServerAuthoritativePendingBridge sidecarKind=cache authoritative=false
2026-05-07T18:01:14Z [relay] room_set reason=sidecar_route oldRoomId=wts-v1-f4eb58f49b43496ddfb0d9390341e188 roomId=wts-v1-1556652c185649fe4f9908010cbf9860 worldId=1556652C185649FE4F9908010CBF9860 enabled=false
2026-05-07T18:01:14Z [visual] native_icon_hidden key=1556652C185649FE4F9908010CBF9860/BuildingBlock|788158CFF1FB49235F8DB857833B075F|14 component=Plane hidden=true invisible=false
2026-05-07T18:01:14Z [phase4-font] disabled usingEngineDefault=true
2026-05-07T18:01:14Z [phase4-font] create_component_font component=TextRenderComponent /Game/Maps/GYM/Genlandia/GenlandiaMulty.GenlandiaMulty:PersistentLevel.BuildingBlock|788158CFF1FB49235F8DB857833B075F|14.TextRenderComponent_2147406285 applied=false
2026-05-07T18:01:14Z [phase4] component_created key=1556652C185649FE4F9908010CBF9860/BuildingBlock|788158CFF1FB49235F8DB857833B075F|14 reusedExisting=false component=TextRenderComponent /Game/Maps/GYM/Genlandia/GenlandiaMulty.GenlandiaMulty:PersistentLevel.BuildingBlock|788158CFF1FB49235F8DB857833B075F|14.TextRenderComponent_2147406285
2026-05-07T18:01:14Z [phase4] apply_success key=1556652C185649FE4F9908010CBF9860/BuildingBlock|788158CFF1FB49235F8DB857833B075F|14
2026-05-07T18:01:14Z [phase4] row_center key=1556652C185649FE4F9908010CBF9860/BuildingBlock|788158CFF1FB49235F8DB857833B075F|14 rows=4 fontSize=10.000000 alignYCenter=1.500000
2026-05-07T18:01:14Z [visual] native_icon_hidden key=1556652C185649FE4F9908010CBF9860/BuildingBlock|788158CFF1FB49235F8DB857833B075F|13 component=Plane hidden=true invisible=false
2026-05-07T18:01:14Z [phase4-font] create_component_font component=TextRenderComponent /Game/Maps/GYM/Genlandia/GenlandiaMulty.GenlandiaMulty:PersistentLevel.BuildingBlock|788158CFF1FB49235F8DB857833B075F|13.TextRenderComponent_2147405970 applied=false
2026-05-07T18:01:14Z [phase4] component_created key=1556652C185649FE4F9908010CBF9860/BuildingBlock|788158CFF1FB49235F8DB857833B075F|13 reusedExisting=false component=TextRenderComponent /Game/Maps/GYM/Genlandia/GenlandiaMulty.GenlandiaMulty:PersistentLevel.BuildingBlock|788158CFF1FB49235F8DB857833B075F|13.TextRenderComponent_2147405970
2026-05-07T18:01:14Z [phase4] apply_success key=1556652C185649FE4F9908010CBF9860/BuildingBlock|788158CFF1FB49235F8DB857833B075F|13
2026-05-07T18:01:14Z [phase4] row_center key=1556652C185649FE4F9908010CBF9860/BuildingBlock|788158CFF1FB49235F8DB857833B075F|13 rows=1 fontSize=10.500000 alignYCenter=1.500000
2026-05-07T18:01:14Z [visual] native_icon_hidden key=1556652C185649FE4F9908010CBF9860/BuildingBlock|788158CFF1FB49235F8DB857833B075F|12 component=Plane hidden=true invisible=false
2026-05-07T18:01:14Z [phase4-font] create_component_font component=TextRenderComponent /Game/Maps/GYM/Genlandia/GenlandiaMulty.GenlandiaMulty:PersistentLevel.BuildingBlock|788158CFF1FB49235F8DB857833B075F|12.TextRenderComponent_2147405497 applied=false
2026-05-07T18:01:14Z [phase4] component_created key=1556652C185649FE4F9908010CBF9860/BuildingBlock|788158CFF1FB49235F8DB857833B075F|12 reusedExisting=false component=TextRenderComponent /Game/Maps/GYM/Genlandia/GenlandiaMulty.GenlandiaMulty:PersistentLevel.BuildingBlock|788158CFF1FB49235F8DB857833B075F|12.TextRenderComponent_2147405497
2026-05-07T18:01:14Z [phase4] apply_success key=1556652C185649FE4F9908010CBF9860/BuildingBlock|788158CFF1FB49235F8DB857833B075F|12
2026-05-07T18:01:14Z [phase4] row_center key=1556652C185649FE4F9908010CBF9860/BuildingBlock|788158CFF1FB49235F8DB857833B075F|12 rows=1 fontSize=10.500000 alignYCenter=1.500000
2026-05-07T18:01:14Z [visual] native_icon_hidden key=1556652C185649FE4F9908010CBF9860/BuildingBlock|788158CFF1FB49235F8DB857833B075F|11 component=Plane hidden=true invisible=false
2026-05-07T18:01:14Z [phase4-font] create_component_font component=TextRenderComponent /Game/Maps/GYM/Genlandia/GenlandiaMulty.GenlandiaMulty:PersistentLevel.BuildingBlock|788158CFF1FB49235F8DB857833B075F|11.TextRenderComponent_2147404823 applied=false
2026-05-07T18:01:14Z [phase4] component_created key=1556652C185649FE4F9908010CBF9860/BuildingBlock|788158CFF1FB49235F8DB857833B075F|11 reusedExisting=false component=TextRenderComponent /Game/Maps/GYM/Genlandia/GenlandiaMulty.GenlandiaMulty:PersistentLevel.BuildingBlock|788158CFF1FB49235F8DB857833B075F|11.TextRenderComponent_2147404823
2026-05-07T18:01:14Z [phase4] apply_success key=1556652C185649FE4F9908010CBF9860/BuildingBlock|788158CFF1FB49235F8DB857833B075F|11
2026-05-07T18:01:14Z [phase4] row_center key=1556652C185649FE4F9908010CBF9860/BuildingBlock|788158CFF1FB49235F8DB857833B075F|11 rows=1 fontSize=10.500000 alignYCenter=1.500000
2026-05-07T18:01:14Z [visual] native_icon_hidden key=1556652C185649FE4F9908010CBF9860/BuildingBlock|788158CFF1FB49235F8DB857833B075F|8 component=Plane hidden=true invisible=false
2026-05-07T18:01:14Z [phase4-font] create_component_font component=TextRenderComponent /Game/Maps/GYM/Genlandia/GenlandiaMulty.GenlandiaMulty:PersistentLevel.BuildingBlock|788158CFF1FB49235F8DB857833B075F|8.TextRenderComponent_2147404813 applied=false
2026-05-07T18:01:14Z [phase4] component_created key=1556652C185649FE4F9908010CBF9860/BuildingBlock|788158CFF1FB49235F8DB857833B075F|8 reusedExisting=false component=TextRenderComponent /Game/Maps/GYM/Genlandia/GenlandiaMulty.GenlandiaMulty:PersistentLevel.BuildingBlock|788158CFF1FB49235F8DB857833B075F|8.TextRenderComponent_2147404813
2026-05-07T18:01:14Z [phase4] apply_success key=1556652C185649FE4F9908010CBF9860/BuildingBlock|788158CFF1FB49235F8DB857833B075F|8
2026-05-07T18:01:14Z [phase4] row_center key=1556652C185649FE4F9908010CBF9860/BuildingBlock|788158CFF1FB49235F8DB857833B075F|8 rows=4 fontSize=10.000000 alignYCenter=1.500000
2026-05-07T18:01:14Z [visual] native_icon_hidden key=1556652C185649FE4F9908010CBF9860/BuildingBlock|788158CFF1FB49235F8DB857833B075F|7 component=Plane hidden=true invisible=false
2026-05-07T18:01:14Z [phase4-font] create_component_font component=TextRenderComponent /Game/Maps/GYM/Genlandia/GenlandiaMulty.GenlandiaMulty:PersistentLevel.BuildingBlock|788158CFF1FB49235F8DB857833B075F|7.TextRenderComponent_2147404803 applied=false
2026-05-07T18:01:14Z [phase4] component_created key=1556652C185649FE4F9908010CBF9860/BuildingBlock|788158CFF1FB49235F8DB857833B075F|7 reusedExisting=false component=TextRenderComponent /Game/Maps/GYM/Genlandia/GenlandiaMulty.GenlandiaMulty:PersistentLevel.BuildingBlock|788158CFF1FB49235F8DB857833B075F|7.TextRenderComponent_2147404803
2026-05-07T18:01:14Z [phase4] apply_success key=1556652C185649FE4F9908010CBF9860/BuildingBlock|788158CFF1FB49235F8DB857833B075F|7
2026-05-07T18:01:14Z [phase4] row_center key=1556652C185649FE4F9908010CBF9860/BuildingBlock|788158CFF1FB49235F8DB857833B075F|7 rows=2 fontSize=10.500000 alignYCenter=1.500000
2026-05-07T18:01:14Z [session] bootstrap_end stage=ready_for_player_input runtimeRole=RemoteClient authorityMode=ServerAuthoritativePendingBridge sidecarKind=cache sidecarPath=C:\Users\User\AppData\Local\R5\Saved\SaveProfiles\76561198030415692\WindroseTextSigns\RemoteCache\1556652C185649FE4F9908010CBF9860\SignTexts.json bridgeRole=RemoteClient labels=6
2026-05-07T18:01:14Z [bridge-route] discovered host=50.53.209.78 reason=public_srflx_candidate port=45801 logPath=C:\Users\User\AppData\Local\R5\Saved\Logs\R5.log remoteHostCandidate=192.168.0.10 remotePublicCandidate=50.53.209.78 localHosts=172.20.10.6 candidates=50.53.209.78,192.168.0.10
2026-05-07T18:01:14Z [bridge] snapshot_request reason=initial_sync sent=true role=RemoteClient worldId=1556652C185649FE4F9908010CBF9860 serverHost=50.53.209.78 pending=0 retryAttempt=1
2026-05-07T18:01:14Z [bridge] snapshot_begin id=2026-05-07T17:52:38Z-WindroseServer-Win64-Shipping.exe-rev52-count6-seq10 expected=6 reason=upsert
2026-05-07T18:01:14Z [phase4] component_created key=1556652C185649FE4F9908010CBF9860/BuildingBlock|788158CFF1FB49235F8DB857833B075F|13 reusedExisting=true component=TextRenderComponent /Game/Maps/GYM/Genlandia/GenlandiaMulty.GenlandiaMulty:PersistentLevel.BuildingBlock|788158CFF1FB49235F8DB857833B075F|13.TextRenderComponent_2147405970
2026-05-07T18:01:14Z [phase4] apply_success key=1556652C185649FE4F9908010CBF9860/BuildingBlock|788158CFF1FB49235F8DB857833B075F|13
2026-05-07T18:01:14Z [phase4] row_center key=1556652C185649FE4F9908010CBF9860/BuildingBlock|788158CFF1FB49235F8DB857833B075F|13 rows=1 fontSize=10.500000 alignYCenter=1.500000
2026-05-07T18:01:14Z [bridge] client_upsert_applied key=1556652C185649FE4F9908010CBF9860/BuildingBlock|788158CFF1FB49235F8DB857833B075F|13 stableId=BuildingBlock|788158CFF1FB49235F8DB857833B075F|13 localWorldId=1556652C185649FE4F9908010CBF9860 changed=false ackedPending=false pending=0 textChars=11
2026-05-07T18:01:14Z [phase4] component_created key=1556652C185649FE4F9908010CBF9860/BuildingBlock|788158CFF1FB49235F8DB857833B075F|7 reusedExisting=true component=TextRenderComponent /Game/Maps/GYM/Genlandia/GenlandiaMulty.GenlandiaMulty:PersistentLevel.BuildingBlock|788158CFF1FB49235F8DB857833B075F|7.TextRenderComponent_2147404803
2026-05-07T18:01:15Z [phase4] apply_success key=1556652C185649FE4F9908010CBF9860/BuildingBlock|788158CFF1FB49235F8DB857833B075F|7
2026-05-07T18:01:15Z [phase4] row_center key=1556652C185649FE4F9908010CBF9860/BuildingBlock|788158CFF1FB49235F8DB857833B075F|7 rows=2 fontSize=10.500000 alignYCenter=1.500000
2026-05-07T18:01:15Z [bridge] client_upsert_applied key=1556652C185649FE4F9908010CBF9860/BuildingBlock|788158CFF1FB49235F8DB857833B075F|7 stableId=BuildingBlock|788158CFF1FB49235F8DB857833B075F|7 localWorldId=1556652C185649FE4F9908010CBF9860 changed=false ackedPending=false pending=0 textChars=21
2026-05-07T18:01:15Z [phase4] component_created key=1556652C185649FE4F9908010CBF9860/BuildingBlock|788158CFF1FB49235F8DB857833B075F|12 reusedExisting=true component=TextRenderComponent /Game/Maps/GYM/Genlandia/GenlandiaMulty.GenlandiaMulty:PersistentLevel.BuildingBlock|788158CFF1FB49235F8DB857833B075F|12.TextRenderComponent_2147405497
2026-05-07T18:01:15Z [phase4] apply_success key=1556652C185649FE4F9908010CBF9860/BuildingBlock|788158CFF1FB49235F8DB857833B075F|12
2026-05-07T18:01:15Z [phase4] row_center key=1556652C185649FE4F9908010CBF9860/BuildingBlock|788158CFF1FB49235F8DB857833B075F|12 rows=1 fontSize=10.500000 alignYCenter=1.500000
2026-05-07T18:01:15Z [bridge] client_upsert_applied key=1556652C185649FE4F9908010CBF9860/BuildingBlock|788158CFF1FB49235F8DB857833B075F|12 stableId=BuildingBlock|788158CFF1FB49235F8DB857833B075F|12 localWorldId=1556652C185649FE4F9908010CBF9860 changed=false ackedPending=false pending=0 textChars=11
2026-05-07T18:01:15Z [phase4] component_created key=1556652C185649FE4F9908010CBF9860/BuildingBlock|788158CFF1FB49235F8DB857833B075F|11 reusedExisting=true component=TextRenderComponent /Game/Maps/GYM/Genlandia/GenlandiaMulty.GenlandiaMulty:PersistentLevel.BuildingBlock|788158CFF1FB49235F8DB857833B075F|11.TextRenderComponent_2147404823
2026-05-07T18:01:15Z [phase4] apply_success key=1556652C185649FE4F9908010CBF9860/BuildingBlock|788158CFF1FB49235F8DB857833B075F|11
2026-05-07T18:01:15Z [phase4] row_center key=1556652C185649FE4F9908010CBF9860/BuildingBlock|788158CFF1FB49235F8DB857833B075F|11 rows=1 fontSize=10.500000 alignYCenter=1.500000
2026-05-07T18:01:15Z [bridge] client_upsert_applied key=1556652C185649FE4F9908010CBF9860/BuildingBlock|788158CFF1FB49235F8DB857833B075F|11 stableId=BuildingBlock|788158CFF1FB49235F8DB857833B075F|11 localWorldId=1556652C185649FE4F9908010CBF9860 changed=false ackedPending=false pending=0 textChars=11
2026-05-07T18:01:15Z [phase4] component_created key=1556652C185649FE4F9908010CBF9860/BuildingBlock|788158CFF1FB49235F8DB857833B075F|8 reusedExisting=true component=TextRenderComponent /Game/Maps/GYM/Genlandia/GenlandiaMulty.GenlandiaMulty:PersistentLevel.BuildingBlock|788158CFF1FB49235F8DB857833B075F|8.TextRenderComponent_2147404813
2026-05-07T18:01:15Z [phase4] apply_success key=1556652C185649FE4F9908010CBF9860/BuildingBlock|788158CFF1FB49235F8DB857833B075F|8
2026-05-07T18:01:15Z [phase4] row_center key=1556652C185649FE4F9908010CBF9860/BuildingBlock|788158CFF1FB49235F8DB857833B075F|8 rows=4 fontSize=10.000000 alignYCenter=1.500000
2026-05-07T18:01:15Z [bridge] client_upsert_applied key=1556652C185649FE4F9908010CBF9860/BuildingBlock|788158CFF1FB49235F8DB857833B075F|8 stableId=BuildingBlock|788158CFF1FB49235F8DB857833B075F|8 localWorldId=1556652C185649FE4F9908010CBF9860 changed=false ackedPending=false pending=0 textChars=33
2026-05-07T18:01:15Z [phase4] component_created key=1556652C185649FE4F9908010CBF9860/BuildingBlock|788158CFF1FB49235F8DB857833B075F|14 reusedExisting=true component=TextRenderComponent /Game/Maps/GYM/Genlandia/GenlandiaMulty.GenlandiaMulty:PersistentLevel.BuildingBlock|788158CFF1FB49235F8DB857833B075F|14.TextRenderComponent_2147406285
2026-05-07T18:01:15Z [phase4] apply_success key=1556652C185649FE4F9908010CBF9860/BuildingBlock|788158CFF1FB49235F8DB857833B075F|14
2026-05-07T18:01:15Z [phase4] row_center key=1556652C185649FE4F9908010CBF9860/BuildingBlock|788158CFF1FB49235F8DB857833B075F|14 rows=4 fontSize=10.000000 alignYCenter=1.500000
2026-05-07T18:01:15Z [bridge] client_upsert_applied key=1556652C185649FE4F9908010CBF9860/BuildingBlock|788158CFF1FB49235F8DB857833B075F|14 stableId=BuildingBlock|788158CFF1FB49235F8DB857833B075F|14 localWorldId=1556652C185649FE4F9908010CBF9860 changed=false ackedPending=false pending=0 textChars=36
2026-05-07T18:01:15Z [bridge] snapshot_end revision=52 role=RemoteClient id=2026-05-07T17:52:38Z-WindroseServer-Win64-Shipping.exe-rev52-count6-seq10 seen=6 expected=6 complete=true
2026-05-07T18:01:15Z [bridge] snapshot_reconcile reason=snapshot_complete seen=6 removed=0 pendingSkipped=0 remaining=6 worldId=1556652C185649FE4F9908010CBF9860
2026-05-07T18:01:19Z [bridge] snapshot_request reason=periodic_sync sent=true role=RemoteClient worldId=1556652C185649FE4F9908010CBF9860 serverHost=50.53.209.78 pending=0 retryAttempt=0
2026-05-07T18:01:19Z [bridge] snapshot_begin id=2026-05-07T17:52:38Z-WindroseServer-Win64-Shipping.exe-rev52-count6-seq11 expected=6 reason=upsert
2026-05-07T18:01:19Z [phase4] component_created key=1556652C185649FE4F9908010CBF9860/BuildingBlock|788158CFF1FB49235F8DB857833B075F|13 reusedExisting=true component=TextRenderComponent /Game/Maps/GYM/Genlandia/GenlandiaMulty.GenlandiaMulty:PersistentLevel.BuildingBlock|788158CFF1FB49235F8DB857833B075F|13.TextRenderComponent_2147405970
2026-05-07T18:01:19Z [phase4] apply_success key=1556652C185649FE4F9908010CBF9860/BuildingBlock|788158CFF1FB49235F8DB857833B075F|13
2026-05-07T18:01:19Z [phase4] row_center key=1556652C185649FE4F9908010CBF9860/BuildingBlock|788158CFF1FB49235F8DB857833B075F|13 rows=1 fontSize=10.500000 alignYCenter=1.500000
2026-05-07T18:01:19Z [bridge] client_upsert_applied key=1556652C185649FE4F9908010CBF9860/BuildingBlock|788158CFF1FB49235F8DB857833B075F|13 stableId=BuildingBlock|788158CFF1FB49235F8DB857833B075F|13 localWorldId=1556652C185649FE4F9908010CBF9860 changed=false ackedPending=false pending=0 textChars=11
2026-05-07T18:01:19Z [phase4] component_created key=1556652C185649FE4F9908010CBF9860/BuildingBlock|788158CFF1FB49235F8DB857833B075F|7 reusedExisting=true component=TextRenderComponent /Game/Maps/GYM/Genlandia/GenlandiaMulty.GenlandiaMulty:PersistentLevel.BuildingBlock|788158CFF1FB49235F8DB857833B075F|7.TextRenderComponent_2147404803
2026-05-07T18:01:19Z [phase4] apply_success key=1556652C185649FE4F9908010CBF9860/BuildingBlock|788158CFF1FB49235F8DB857833B075F|7
2026-05-07T18:01:19Z [phase4] row_center key=1556652C185649FE4F9908010CBF9860/BuildingBlock|788158CFF1FB49235F8DB857833B075F|7 rows=2 fontSize=10.500000 alignYCenter=1.500000
2026-05-07T18:01:20Z [bridge] client_upsert_applied key=1556652C185649FE4F9908010CBF9860/BuildingBlock|788158CFF1FB49235F8DB857833B075F|7 stableId=BuildingBlock|788158CFF1FB49235F8DB857833B075F|7 localWorldId=1556652C185649FE4F9908010CBF9860 changed=false ackedPending=false pending=0 textChars=21
2026-05-07T18:01:20Z [phase4] component_created key=1556652C185649FE4F9908010CBF9860/BuildingBlock|788158CFF1FB49235F8DB857833B075F|12 reusedExisting=true component=TextRenderComponent /Game/Maps/GYM/Genlandia/GenlandiaMulty.GenlandiaMulty:PersistentLevel.BuildingBlock|788158CFF1FB49235F8DB857833B075F|12.TextRenderComponent_2147405497
2026-05-07T18:01:20Z [phase4] apply_success key=1556652C185649FE4F9908010CBF9860/BuildingBlock|788158CFF1FB49235F8DB857833B075F|12
2026-05-07T18:01:20Z [phase4] row_center key=1556652C185649FE4F9908010CBF9860/BuildingBlock|788158CFF1FB49235F8DB857833B075F|12 rows=1 fontSize=10.500000 alignYCenter=1.500000
2026-05-07T18:01:20Z [bridge] client_upsert_applied key=1556652C185649FE4F9908010CBF9860/BuildingBlock|788158CFF1FB49235F8DB857833B075F|12 stableId=BuildingBlock|788158CFF1FB49235F8DB857833B075F|12 localWorldId=1556652C185649FE4F9908010CBF9860 changed=false ackedPending=false pending=0 textChars=11
2026-05-07T18:01:20Z [phase4] component_created key=1556652C185649FE4F9908010CBF9860/BuildingBlock|788158CFF1FB49235F8DB857833B075F|11 reusedExisting=true component=TextRenderComponent /Game/Maps/GYM/Genlandia/GenlandiaMulty.GenlandiaMulty:PersistentLevel.BuildingBlock|788158CFF1FB49235F8DB857833B075F|11.TextRenderComponent_2147404823
2026-05-07T18:01:20Z [phase4] apply_success key=1556652C185649FE4F9908010CBF9860/BuildingBlock|788158CFF1FB49235F8DB857833B075F|11
2026-05-07T18:01:20Z [phase4] row_center key=1556652C185649FE4F9908010CBF9860/BuildingBlock|788158CFF1FB49235F8DB857833B075F|11 rows=1 fontSize=10.500000 alignYCenter=1.500000
2026-05-07T18:01:20Z [bridge] client_upsert_applied key=1556652C185649FE4F9908010CBF9860/BuildingBlock|788158CFF1FB49235F8DB857833B075F|11 stableId=BuildingBlock|788158CFF1FB49235F8DB857833B075F|11 localWorldId=1556652C185649FE4F9908010CBF9860 changed=false ackedPending=false pending=0 textChars=11
2026-05-07T18:01:20Z [phase4] component_created key=1556652C185649FE4F9908010CBF9860/BuildingBlock|788158CFF1FB49235F8DB857833B075F|8 reusedExisting=true component=TextRenderComponent /Game/Maps/GYM/Genlandia/GenlandiaMulty.GenlandiaMulty:PersistentLevel.BuildingBlock|788158CFF1FB49235F8DB857833B075F|8.TextRenderComponent_2147404813
2026-05-07T18:01:20Z [phase4] apply_success key=1556652C185649FE4F9908010CBF9860/BuildingBlock|788158CFF1FB49235F8DB857833B075F|8
2026-05-07T18:01:20Z [phase4] row_center key=1556652C185649FE4F9908010CBF9860/BuildingBlock|788158CFF1FB49235F8DB857833B075F|8 rows=4 fontSize=10.000000 alignYCenter=1.500000
2026-05-07T18:01:20Z [bridge] client_upsert_applied key=1556652C185649FE4F9908010CBF9860/BuildingBlock|788158CFF1FB49235F8DB857833B075F|8 stableId=BuildingBlock|788158CFF1FB49235F8DB857833B075F|8 localWorldId=1556652C185649FE4F9908010CBF9860 changed=false ackedPending=false pending=0 textChars=33
2026-05-07T18:01:20Z [phase4] component_created key=1556652C185649FE4F9908010CBF9860/BuildingBlock|788158CFF1FB49235F8DB857833B075F|14 reusedExisting=true component=TextRenderComponent /Game/Maps/GYM/Genlandia/GenlandiaMulty.GenlandiaMulty:PersistentLevel.BuildingBlock|788158CFF1FB49235F8DB857833B075F|14.TextRenderComponent_2147406285
2026-05-07T18:01:20Z [phase4] apply_success key=1556652C185649FE4F9908010CBF9860/BuildingBlock|788158CFF1FB49235F8DB857833B075F|14
2026-05-07T18:01:20Z [phase4] row_center key=1556652C185649FE4F9908010CBF9860/BuildingBlock|788158CFF1FB49235F8DB857833B075F|14 rows=4 fontSize=10.000000 alignYCenter=1.500000
2026-05-07T18:01:20Z [bridge] client_upsert_applied key=1556652C185649FE4F9908010CBF9860/BuildingBlock|788158CFF1FB49235F8DB857833B075F|14 stableId=BuildingBlock|788158CFF1FB49235F8DB857833B075F|14 localWorldId=1556652C185649FE4F9908010CBF9860 changed=false ackedPending=false pending=0 textChars=36
2026-05-07T18:01:20Z [bridge] snapshot_end revision=52 role=RemoteClient id=2026-05-07T17:52:38Z-WindroseServer-Win64-Shipping.exe-rev52-count6-seq11 seen=6 expected=6 complete=true
2026-05-07T18:01:20Z [bridge] snapshot_reconcile reason=snapshot_complete seen=6 removed=0 pendingSkipped=0 remaining=6 worldId=1556652C185649FE4F9908010CBF9860
2026-05-07T18:01:22Z [bridge] status role=RemoteClient worldId=1556652C185649FE4F9908010CBF9860 authoritative=false routeHost=50.53.209.78 autoRoute=true snapshotReceived=true health=ok snapshotActive=false snapshotSeen=0 snapshotExpected=-1 snapshotRetries=0 pending=0 labels=6 native={"mode":"wts_native_bridge_udp","role":3,"known_clients":0,"udp_server_port":45801,"remote_server_host":"50.53.209.78","remote_server_port":45801,"remote_server_resolved":true,"send_to_server_calls":2,"broadcast_to_clients_calls":0,"poll_calls":13785,"dropped_queue_full":0,"dropped_payload_too_large":0}
2026-05-07T18:01:38Z [bridge] snapshot_begin id=2026-05-07T17:52:38Z-WindroseServer-Win64-Shipping.exe-rev52-count6-seq12 expected=6 reason=upsert
2026-05-07T18:01:38Z [phase4] component_created key=1556652C185649FE4F9908010CBF9860/BuildingBlock|788158CFF1FB49235F8DB857833B075F|13 reusedExisting=true component=TextRenderComponent /Game/Maps/GYM/Genlandia/GenlandiaMulty.GenlandiaMulty:PersistentLevel.BuildingBlock|788158CFF1FB49235F8DB857833B075F|13.TextRenderComponent_2147405970
2026-05-07T18:01:38Z [phase4] apply_success key=1556652C185649FE4F9908010CBF9860/BuildingBlock|788158CFF1FB49235F8DB857833B075F|13
2026-05-07T18:01:38Z [phase4] row_center key=1556652C185649FE4F9908010CBF9860/BuildingBlock|788158CFF1FB49235F8DB857833B075F|13 rows=1 fontSize=10.500000 alignYCenter=1.500000
2026-05-07T18:01:38Z [bridge] client_upsert_applied key=1556652C185649FE4F9908010CBF9860/BuildingBlock|788158CFF1FB49235F8DB857833B075F|13 stableId=BuildingBlock|788158CFF1FB49235F8DB857833B075F|13 localWorldId=1556652C185649FE4F9908010CBF9860 changed=false ackedPending=false pending=0 textChars=11
2026-05-07T18:01:38Z [phase4] component_created key=1556652C185649FE4F9908010CBF9860/BuildingBlock|788158CFF1FB49235F8DB857833B075F|7 reusedExisting=true component=TextRenderComponent /Game/Maps/GYM/Genlandia/GenlandiaMulty.GenlandiaMulty:PersistentLevel.BuildingBlock|788158CFF1FB49235F8DB857833B075F|7.TextRenderComponent_2147404803
2026-05-07T18:01:38Z [phase4] apply_success key=1556652C185649FE4F9908010CBF9860/BuildingBlock|788158CFF1FB49235F8DB857833B075F|7
2026-05-07T18:01:38Z [phase4] row_center key=1556652C185649FE4F9908010CBF9860/BuildingBlock|788158CFF1FB49235F8DB857833B075F|7 rows=2 fontSize=10.500000 alignYCenter=1.500000
2026-05-07T18:01:38Z [bridge] client_upsert_applied key=1556652C185649FE4F9908010CBF9860/BuildingBlock|788158CFF1FB49235F8DB857833B075F|7 stableId=BuildingBlock|788158CFF1FB49235F8DB857833B075F|7 localWorldId=1556652C185649FE4F9908010CBF9860 changed=false ackedPending=false pending=0 textChars=21
2026-05-07T18:01:38Z [phase4] component_created key=1556652C185649FE4F9908010CBF9860/BuildingBlock|788158CFF1FB49235F8DB857833B075F|12 reusedExisting=true component=TextRenderComponent /Game/Maps/GYM/Genlandia/GenlandiaMulty.GenlandiaMulty:PersistentLevel.BuildingBlock|788158CFF1FB49235F8DB857833B075F|12.TextRenderComponent_2147405497
2026-05-07T18:01:38Z [phase4] apply_success key=1556652C185649FE4F9908010CBF9860/BuildingBlock|788158CFF1FB49235F8DB857833B075F|12
2026-05-07T18:01:38Z [phase4] row_center key=1556652C185649FE4F9908010CBF9860/BuildingBlock|788158CFF1FB49235F8DB857833B075F|12 rows=1 fontSize=10.500000 alignYCenter=1.500000
2026-05-07T18:01:38Z [bridge] client_upsert_applied key=1556652C185649FE4F9908010CBF9860/BuildingBlock|788158CFF1FB49235F8DB857833B075F|12 stableId=BuildingBlock|788158CFF1FB49235F8DB857833B075F|12 localWorldId=1556652C185649FE4F9908010CBF9860 changed=false ackedPending=false pending=0 textChars=11
2026-05-07T18:01:38Z [phase4] component_created key=1556652C185649FE4F9908010CBF9860/BuildingBlock|788158CFF1FB49235F8DB857833B075F|11 reusedExisting=true component=TextRenderComponent /Game/Maps/GYM/Genlandia/GenlandiaMulty.GenlandiaMulty:PersistentLevel.BuildingBlock|788158CFF1FB49235F8DB857833B075F|11.TextRenderComponent_2147404823
2026-05-07T18:01:38Z [phase4] apply_success key=1556652C185649FE4F9908010CBF9860/BuildingBlock|788158CFF1FB49235F8DB857833B075F|11
2026-05-07T18:01:38Z [phase4] row_center key=1556652C185649FE4F9908010CBF9860/BuildingBlock|788158CFF1FB49235F8DB857833B075F|11 rows=1 fontSize=10.500000 alignYCenter=1.500000
2026-05-07T18:01:38Z [bridge] client_upsert_applied key=1556652C185649FE4F9908010CBF9860/BuildingBlock|788158CFF1FB49235F8DB857833B075F|11 stableId=BuildingBlock|788158CFF1FB49235F8DB857833B075F|11 localWorldId=1556652C185649FE4F9908010CBF9860 changed=false ackedPending=false pending=0 textChars=11
2026-05-07T18:01:38Z [phase4] component_created key=1556652C185649FE4F9908010CBF9860/BuildingBlock|788158CFF1FB49235F8DB857833B075F|8 reusedExisting=true component=TextRenderComponent /Game/Maps/GYM/Genlandia/GenlandiaMulty.GenlandiaMulty:PersistentLevel.BuildingBlock|788158CFF1FB49235F8DB857833B075F|8.TextRenderComponent_2147404813
2026-05-07T18:01:38Z [phase4] apply_success key=1556652C185649FE4F9908010CBF9860/BuildingBlock|788158CFF1FB49235F8DB857833B075F|8
2026-05-07T18:01:38Z [phase4] row_center key=1556652C185649FE4F9908010CBF9860/BuildingBlock|788158CFF1FB49235F8DB857833B075F|8 rows=4 fontSize=10.000000 alignYCenter=1.500000
2026-05-07T18:01:38Z [bridge] client_upsert_applied key=1556652C185649FE4F9908010CBF9860/BuildingBlock|788158CFF1FB49235F8DB857833B075F|8 stableId=BuildingBlock|788158CFF1FB49235F8DB857833B075F|8 localWorldId=1556652C185649FE4F9908010CBF9860 changed=false ackedPending=false pending=0 textChars=33
2026-05-07T18:01:38Z [phase4] component_created key=1556652C185649FE4F9908010CBF9860/BuildingBlock|788158CFF1FB49235F8DB857833B075F|14 reusedExisting=true component=TextRenderComponent /Game/Maps/GYM/Genlandia/GenlandiaMulty.GenlandiaMulty:PersistentLevel.BuildingBlock|788158CFF1FB49235F8DB857833B075F|14.TextRenderComponent_2147406285
2026-05-07T18:01:38Z [phase4] apply_success key=1556652C185649FE4F9908010CBF9860/BuildingBlock|788158CFF1FB49235F8DB857833B075F|14
2026-05-07T18:01:38Z [phase4] row_center key=1556652C185649FE4F9908010CBF9860/BuildingBlock|788158CFF1FB49235F8DB857833B075F|14 rows=4 fontSize=10.000000 alignYCenter=1.500000
2026-05-07T18:01:38Z [bridge] client_upsert_applied key=1556652C185649FE4F9908010CBF9860/BuildingBlock|788158CFF1FB49235F8DB857833B075F|14 stableId=BuildingBlock|788158CFF1FB49235F8DB857833B075F|14 localWorldId=1556652C185649FE4F9908010CBF9860 changed=false ackedPending=false pending=0 textChars=36
2026-05-07T18:01:38Z [bridge] snapshot_end revision=52 role=RemoteClient id=2026-05-07T17:52:38Z-WindroseServer-Win64-Shipping.exe-rev52-count6-seq12 seen=6 expected=6 complete=true
2026-05-07T18:01:38Z [bridge] snapshot_reconcile reason=snapshot_complete seen=6 removed=0 pendingSkipped=0 remaining=6 worldId=1556652C185649FE4F9908010CBF9860
2026-05-07T18:01:42Z [bridge] status role=RemoteClient worldId=1556652C185649FE4F9908010CBF9860 authoritative=false routeHost=50.53.209.78 autoRoute=true snapshotReceived=true health=ok snapshotActive=false snapshotSeen=0 snapshotExpected=-1 snapshotRetries=0 pending=0 labels=6 native={"mode":"wts_native_bridge_udp","role":3,"known_clients":0,"udp_server_port":45801,"remote_server_host":"50.53.209.78","remote_server_port":45801,"remote_server_resolved":true,"send_to_server_calls":2,"broadcast_to_clients_calls":0,"poll_calls":16991,"dropped_queue_full":0,"dropped_payload_too_large":0}
2026-05-07T18:01:42Z [input] hotkey polled_edge key=F8
2026-05-07T18:01:42Z [target] selected actor=BP_BuildingBlock_WallPlaqueT02_01_C /Game/Maps/GYM/Genlandia/GenlandiaMulty.GenlandiaMulty:PersistentLevel.BuildingBlock|788158CFF1FB49235F8DB857833B075F|14 class=BlueprintGeneratedClass /Game/Gameplay/Building/Actors/BP_BuildingBlock_WallPlaqueT02_01.BP_BuildingBlock_WallPlaqueT02_01_C stableId=BuildingBlock|788158CFF1FB49235F8DB857833B075F|14 worldId=1556652C185649FE4F9908010CBF9860 mode=ranked dot=0.999904 perp=7.642539 angleDeg=0.793064 anchors=1 candidateCount=1 strictCandidateCount=1 looseCandidateCount=0 controller=BP_R5PlayerController_C /Game/Maps/GYM/Genlandia/GenlandiaMulty.GenlandiaMulty:PersistentLevel.BP_R5PlayerController_C_2147407104 firstComponent=SceneComponent /Game/Maps/GYM/Genlandia/GenlandiaMulty.GenlandiaMulty:PersistentLevel.BuildingBlock|788158CFF1FB49235F8DB857833B075F|14.RootComponent outermost=Package /Game/Maps/GYM/Genlandia/GenlandiaMulty
2026-05-07T18:01:42Z [phase7-umg] construct_children_ok rootClass=Class /Script/UMG.CanvasPanel textBoxClass=Class /Script/UMG.MultiLineEditableText
2026-05-07T18:01:42Z [phase7-umg] input_capture enable=true inputMode=false cursor=true ignoreLook=true ignoreMove=true llHook=disabled
2026-05-07T18:01:42Z [phase7-umg] open_result added=true inputModeApplied=true rootSet=true title=true hint=true inputText=true color=false frameColor=true padding=true editorSize=true opacity=true scale=true slot=true content=true key=1556652C185649FE4F9908010CBF9860/BuildingBlock|788158CFF1FB49235F8DB857833B075F|14
2026-05-07T18:01:43Z [phase7-umg] escape cancel key=1556652C185649FE4F9908010CBF9860/BuildingBlock|788158CFF1FB49235F8DB857833B075F|14 escapeRequested=true escapeEdge=true escapeAsync=false
2026-05-07T18:01:43Z [phase7-umg] close removedWidget=true
2026-05-07T18:01:43Z [phase7-umg] input_capture enable=false inputMode=false cursor=true ignoreLook=true ignoreMove=true llHook=disabled
2026-05-07T18:01:43Z [phase7-umg] close restoreInput=true
2026-05-07T18:01:49Z [bridge] snapshot_request reason=periodic_sync sent=true role=RemoteClient worldId=1556652C185649FE4F9908010CBF9860 serverHost=50.53.209.78 pending=0 retryAttempt=0
2026-05-07T18:01:49Z [bridge] snapshot_begin id=2026-05-07T17:52:38Z-WindroseServer-Win64-Shipping.exe-rev52-count6-seq13 expected=6 reason=upsert
2026-05-07T18:01:49Z [phase4] component_created key=1556652C185649FE4F9908010CBF9860/BuildingBlock|788158CFF1FB49235F8DB857833B075F|13 reusedExisting=true component=TextRenderComponent /Game/Maps/GYM/Genlandia/GenlandiaMulty.GenlandiaMulty:PersistentLevel.BuildingBlock|788158CFF1FB49235F8DB857833B075F|13.TextRenderComponent_2147405970
2026-05-07T18:01:49Z [phase4] apply_success key=1556652C185649FE4F9908010CBF9860/BuildingBlock|788158CFF1FB49235F8DB857833B075F|13
2026-05-07T18:01:49Z [phase4] row_center key=1556652C185649FE4F9908010CBF9860/BuildingBlock|788158CFF1FB49235F8DB857833B075F|13 rows=1 fontSize=10.500000 alignYCenter=1.500000
2026-05-07T18:01:49Z [bridge] client_upsert_applied key=1556652C185649FE4F9908010CBF9860/BuildingBlock|788158CFF1FB49235F8DB857833B075F|13 stableId=BuildingBlock|788158CFF1FB49235F8DB857833B075F|13 localWorldId=1556652C185649FE4F9908010CBF9860 changed=false ackedPending=false pending=0 textChars=11
2026-05-07T18:01:50Z [phase4] component_created key=1556652C185649FE4F9908010CBF9860/BuildingBlock|788158CFF1FB49235F8DB857833B075F|7 reusedExisting=true component=TextRenderComponent /Game/Maps/GYM/Genlandia/GenlandiaMulty.GenlandiaMulty:PersistentLevel.BuildingBlock|788158CFF1FB49235F8DB857833B075F|7.TextRenderComponent_2147404803
2026-05-07T18:01:50Z [phase4] apply_success key=1556652C185649FE4F9908010CBF9860/BuildingBlock|788158CFF1FB49235F8DB857833B075F|7
2026-05-07T18:01:50Z [phase4] row_center key=1556652C185649FE4F9908010CBF9860/BuildingBlock|788158CFF1FB49235F8DB857833B075F|7 rows=2 fontSize=10.500000 alignYCenter=1.500000
2026-05-07T18:01:50Z [bridge] client_upsert_applied key=1556652C185649FE4F9908010CBF9860/BuildingBlock|788158CFF1FB49235F8DB857833B075F|7 stableId=BuildingBlock|788158CFF1FB49235F8DB857833B075F|7 localWorldId=1556652C185649FE4F9908010CBF9860 changed=false ackedPending=false pending=0 textChars=21
2026-05-07T18:01:50Z [phase4] component_created key=1556652C185649FE4F9908010CBF9860/BuildingBlock|788158CFF1FB49235F8DB857833B075F|12 reusedExisting=true component=TextRenderComponent /Game/Maps/GYM/Genlandia/GenlandiaMulty.GenlandiaMulty:PersistentLevel.BuildingBlock|788158CFF1FB49235F8DB857833B075F|12.TextRenderComponent_2147405497
2026-05-07T18:01:50Z [phase4] apply_success key=1556652C185649FE4F9908010CBF9860/BuildingBlock|788158CFF1FB49235F8DB857833B075F|12
2026-05-07T18:01:50Z [phase4] row_center key=1556652C185649FE4F9908010CBF9860/BuildingBlock|788158CFF1FB49235F8DB857833B075F|12 rows=1 fontSize=10.500000 alignYCenter=1.500000
2026-05-07T18:01:50Z [bridge] client_upsert_applied key=1556652C185649FE4F9908010CBF9860/BuildingBlock|788158CFF1FB49235F8DB857833B075F|12 stableId=BuildingBlock|788158CFF1FB49235F8DB857833B075F|12 localWorldId=1556652C185649FE4F9908010CBF9860 changed=false ackedPending=false pending=0 textChars=11
2026-05-07T18:01:50Z [phase4] component_created key=1556652C185649FE4F9908010CBF9860/BuildingBlock|788158CFF1FB49235F8DB857833B075F|11 reusedExisting=true component=TextRenderComponent /Game/Maps/GYM/Genlandia/GenlandiaMulty.GenlandiaMulty:PersistentLevel.BuildingBlock|788158CFF1FB49235F8DB857833B075F|11.TextRenderComponent_2147404823
2026-05-07T18:01:50Z [phase4] apply_success key=1556652C185649FE4F9908010CBF9860/BuildingBlock|788158CFF1FB49235F8DB857833B075F|11
2026-05-07T18:01:50Z [phase4] row_center key=1556652C185649FE4F9908010CBF9860/BuildingBlock|788158CFF1FB49235F8DB857833B075F|11 rows=1 fontSize=10.500000 alignYCenter=1.500000
2026-05-07T18:01:50Z [bridge] client_upsert_applied key=1556652C185649FE4F9908010CBF9860/BuildingBlock|788158CFF1FB49235F8DB857833B075F|11 stableId=BuildingBlock|788158CFF1FB49235F8DB857833B075F|11 localWorldId=1556652C185649FE4F9908010CBF9860 changed=false ackedPending=false pending=0 textChars=11
2026-05-07T18:01:50Z [phase4] component_created key=1556652C185649FE4F9908010CBF9860/BuildingBlock|788158CFF1FB49235F8DB857833B075F|8 reusedExisting=true component=TextRenderComponent /Game/Maps/GYM/Genlandia/GenlandiaMulty.GenlandiaMulty:PersistentLevel.BuildingBlock|788158CFF1FB49235F8DB857833B075F|8.TextRenderComponent_2147404813
2026-05-07T18:01:50Z [phase4] apply_success key=1556652C185649FE4F9908010CBF9860/BuildingBlock|788158CFF1FB49235F8DB857833B075F|8
2026-05-07T18:01:50Z [phase4] row_center key=1556652C185649FE4F9908010CBF9860/BuildingBlock|788158CFF1FB49235F8DB857833B075F|8 rows=4 fontSize=10.000000 alignYCenter=1.500000
2026-05-07T18:01:50Z [bridge] client_upsert_applied key=1556652C185649FE4F9908010CBF9860/BuildingBlock|788158CFF1FB49235F8DB857833B075F|8 stableId=BuildingBlock|788158CFF1FB49235F8DB857833B075F|8 localWorldId=1556652C185649FE4F9908010CBF9860 changed=false ackedPending=false pending=0 textChars=33
2026-05-07T18:01:50Z [phase4] component_created key=1556652C185649FE4F9908010CBF9860/BuildingBlock|788158CFF1FB49235F8DB857833B075F|14 reusedExisting=true component=TextRenderComponent /Game/Maps/GYM/Genlandia/GenlandiaMulty.GenlandiaMulty:PersistentLevel.BuildingBlock|788158CFF1FB49235F8DB857833B075F|14.TextRenderComponent_2147406285
2026-05-07T18:01:50Z [phase4] apply_success key=1556652C185649FE4F9908010CBF9860/BuildingBlock|788158CFF1FB49235F8DB857833B075F|14
2026-05-07T18:01:50Z [phase4] row_center key=1556652C185649FE4F9908010CBF9860/BuildingBlock|788158CFF1FB49235F8DB857833B075F|14 rows=4 fontSize=10.000000 alignYCenter=1.500000
2026-05-07T18:01:50Z [bridge] client_upsert_applied key=1556652C185649FE4F9908010CBF9860/BuildingBlock|788158CFF1FB49235F8DB857833B075F|14 stableId=BuildingBlock|788158CFF1FB49235F8DB857833B075F|14 localWorldId=1556652C185649FE4F9908010CBF9860 changed=false ackedPending=false pending=0 textChars=36
2026-05-07T18:01:50Z [bridge] snapshot_end revision=52 role=RemoteClient id=2026-05-07T17:52:38Z-WindroseServer-Win64-Shipping.exe-rev52-count6-seq13 seen=6 expected=6 complete=true
2026-05-07T18:01:50Z [bridge] snapshot_reconcile reason=snapshot_complete seen=6 removed=0 pendingSkipped=0 remaining=6 worldId=1556652C185649FE4F9908010CBF9860
2026-05-07T18:01:55Z [save] prune_destroyed_label deferred reason=no_live_labels_visible count=1
2026-05-07T18:02:02Z [bridge] status role=RemoteClient worldId=1556652C185649FE4F9908010CBF9860 authoritative=false routeHost=50.53.209.78 autoRoute=true snapshotReceived=true health=ok snapshotActive=false snapshotSeen=0 snapshotExpected=-1 snapshotRetries=0 pending=0 labels=6 native={"mode":"wts_native_bridge_udp","role":3,"known_clients":0,"udp_server_port":45801,"remote_server_host":"50.53.209.78","remote_server_port":45801,"remote_server_resolved":true,"send_to_server_calls":3,"broadcast_to_clients_calls":0,"poll_calls":20214,"dropped_queue_full":0,"dropped_payload_too_large":0}
2026-05-07T18:02:15Z [save] restore_scan waiting reason=no_active_world
