2026-05-07T22:44:09Z [session] bootstrap_begin stage=startup
2026-05-07T22:44:09Z [startup] WindroseTextSigns initialized
2026-05-07T22:44:09Z [build] version=0.1.2-prototype compiled=May  7 2026 15:17:57 flags=configurable-hotkey,phase2-role-aware-sidecar,remote-cache-routing,staticconstruct-gated,phase6-native-udp-bridge,bridge-auto-route,bridge-batched-snapshots,phase7-umg-no-llhook,dedicated-no-render-components,phase4-marker-guard,restore-scan-diag,label-text-native-icon-hide,probes-default-off
2026-05-07T22:44:09Z [role] runtimeRole=LocalClientPending dataMode=LocalClientStartupCache authorityMode=WorldAuthorityPending sidecarKind=cache authoritative=false profileRoot=C:\Users\User\AppData\Local\R5\Saved\SaveProfiles\76561198030415692 worldFolderId=F4EB58F49B43496DDFB0D9390341E188
2026-05-07T22:44:09Z [relay] config enabled=false baseUrl=none roomId=wts-v1-f4eb58f49b43496ddfb0d9390341e188 pollMs=5000 auth=none transport=cloudflare-http-poll status=scaffold
2026-05-07T22:44:09Z [bridge] config udpPort=45801 remoteServerHost=127.0.0.1 configuredHost=auto autoRoute=true upnpEnabled=true upnpMode=auto
2026-05-07T22:44:09Z [save] data_root=C:\Users\User\AppData\Local\R5\Saved\SaveProfiles\76561198030415692\WindroseTextSigns\StartupCache\F4EB58F49B43496DDFB0D9390341E188 sidecar=C:\Users\User\AppData\Local\R5\Saved\SaveProfiles\76561198030415692\WindroseTextSigns\StartupCache\F4EB58F49B43496DDFB0D9390341E188\SignTexts.json backups=C:\Users\User\AppData\Local\R5\Saved\SaveProfiles\76561198030415692\WindroseTextSigns\StartupCache\F4EB58F49B43496DDFB0D9390341E188\Backups
2026-05-07T22:44:09Z [probe] StaticConstructObject post-probe config enabled=false
2026-05-07T22:44:09Z [probe] Phase5 placement probe config enabled=false
2026-05-07T22:44:09Z [probe] Phase5 build-menu selection probe config enabled=false
2026-05-07T22:44:09Z [visual] hideNativeLabelIcon=true diagnostics=false
2026-05-07T22:44:09Z [phase4-font] config enabled=false asset=none hint= nativeFallback=false
2026-05-07T22:44:09Z [native-transport-probe] config enabled=false
2026-05-07T22:44:09Z [player-marker-replication-probe] config enabled=false startMode=action actionTrigger=false actionTokens=melee,attack,weapon,swing,ability,combat,primaryfire,fire,dodge,jump
2026-05-07T22:44:09Z [input] hotkey config=F8 resolved=F8 vk=119
2026-05-07T22:44:09Z [save] using sidecar path=C:\Users\User\AppData\Local\R5\Saved\SaveProfiles\76561198030415692\WindroseTextSigns\StartupCache\F4EB58F49B43496DDFB0D9390341E188\SignTexts.json
2026-05-07T22:44:09Z [save] load_start path=C:\Users\User\AppData\Local\R5\Saved\SaveProfiles\76561198030415692\WindroseTextSigns\StartupCache\F4EB58F49B43496DDFB0D9390341E188\SignTexts.json
2026-05-07T22:44:09Z [save] load_record key=genlandiamulty/BuildingBlock|AAE446A44AD9488E71A66C34C47D53D3|17 stableId=BuildingBlock|AAE446A44AD9488E71A66C34C47D53D3|17 worldId=genlandiamulty path=C:\Users\User\AppData\Local\R5\Saved\SaveProfiles\76561198030415692\WindroseTextSigns\StartupCache\F4EB58F49B43496DDFB0D9390341E188\SignTexts.json
2026-05-07T22:44:09Z [save] load_record key=genlandiamulty/BuildingBlock|AAE446A44AD9488E71A66C34C47D53D3|16 stableId=BuildingBlock|AAE446A44AD9488E71A66C34C47D53D3|16 worldId=genlandiamulty path=C:\Users\User\AppData\Local\R5\Saved\SaveProfiles\76561198030415692\WindroseTextSigns\StartupCache\F4EB58F49B43496DDFB0D9390341E188\SignTexts.json
2026-05-07T22:44:09Z [save] load_record key=genlandiamulty/BuildingBlock|AAE446A44AD9488E71A66C34C47D53D3|13 stableId=BuildingBlock|AAE446A44AD9488E71A66C34C47D53D3|13 worldId=genlandiamulty path=C:\Users\User\AppData\Local\R5\Saved\SaveProfiles\76561198030415692\WindroseTextSigns\StartupCache\F4EB58F49B43496DDFB0D9390341E188\SignTexts.json
2026-05-07T22:44:09Z [save] load_record key=genlandiamulty/BuildingBlock|AAE446A44AD9488E71A66C34C47D53D3|15 stableId=BuildingBlock|AAE446A44AD9488E71A66C34C47D53D3|15 worldId=genlandiamulty path=C:\Users\User\AppData\Local\R5\Saved\SaveProfiles\76561198030415692\WindroseTextSigns\StartupCache\F4EB58F49B43496DDFB0D9390341E188\SignTexts.json
2026-05-07T22:44:09Z [save] load_record key=genlandiamulty/BuildingBlock|AAE446A44AD9488E71A66C34C47D53D3|14 stableId=BuildingBlock|AAE446A44AD9488E71A66C34C47D53D3|14 worldId=genlandiamulty path=C:\Users\User\AppData\Local\R5\Saved\SaveProfiles\76561198030415692\WindroseTextSigns\StartupCache\F4EB58F49B43496DDFB0D9390341E188\SignTexts.json
2026-05-07T22:44:09Z [save] load_record key=genlandiamulty/BuildingBlock|AAE446A44AD9488E71A66C34C47D53D3|12 stableId=BuildingBlock|AAE446A44AD9488E71A66C34C47D53D3|12 worldId=genlandiamulty path=C:\Users\User\AppData\Local\R5\Saved\SaveProfiles\76561198030415692\WindroseTextSigns\StartupCache\F4EB58F49B43496DDFB0D9390341E188\SignTexts.json
2026-05-07T22:44:09Z [save] load_done records=6 parsedRows=6 revision=0 path=C:\Users\User\AppData\Local\R5\Saved\SaveProfiles\76561198030415692\WindroseTextSigns\StartupCache\F4EB58F49B43496DDFB0D9390341E188\SignTexts.json
2026-05-07T22:44:09Z [input] Registered hotkeys: F8=target/open_editor
2026-05-07T22:44:09Z [phase7] native_ui_probe supported=false userWidget=1 widgetTree=1 editableText=1 button=1 panel=1 addToViewport=1 removeFromParent=1 inputGameAndUI=0 inputGameOnly=0
2026-05-07T22:44:09Z [phase7] native_ui_probe fallback=imgui reason=missing_required_umg_or_input_mode
2026-05-07T22:44:09Z [probe] ProcessEvent pre-probe skipped reason=disabled
2026-05-07T22:44:09Z [probe] StaticConstructObject post-probe skipped reason=disabled
2026-05-07T22:44:09Z [phase] Phase 1 bootstrap active: hooks + hotkey + sidecar loaded
2026-05-07T22:44:09Z [bridge] status role=Unknown worldId=F4EB58F49B43496DDFB0D9390341E188 authoritative=false routeHost=127.0.0.1 autoRoute=true snapshotReceived=false snapshotWorldId=none health=ok snapshotActive=false snapshotSeen=0 snapshotExpected=-1 snapshotRetries=0 pending=0 labels=6 native={"mode":"wts_native_bridge_udp","role":0,"known_clients":0,"udp_server_port":45801,"remote_server_host":"127.0.0.1","remote_server_port":45801,"remote_server_resolved":false,"send_to_server_calls":0,"broadcast_to_clients_calls":0,"poll_calls":1,"dropped_queue_full":0,"dropped_payload_too_large":0}
2026-05-07T22:44:11Z [save] restore_scan waiting reason=no_active_world
2026-05-07T22:44:13Z [save] restore_scan active
2026-05-07T22:44:13Z [save] prune_destroyed_label deferred reason=warmup_scan_guard count=1
2026-05-07T22:44:29Z [bridge] status role=Unknown worldId=F4EB58F49B43496DDFB0D9390341E188 authoritative=false routeHost=127.0.0.1 autoRoute=true snapshotReceived=false snapshotWorldId=none health=ok snapshotActive=false snapshotSeen=0 snapshotExpected=-1 snapshotRetries=0 pending=0 labels=6 native={"mode":"wts_native_bridge_udp","role":0,"known_clients":0,"udp_server_port":45801,"remote_server_host":"127.0.0.1","remote_server_port":45801,"remote_server_resolved":false,"send_to_server_calls":0,"broadcast_to_clients_calls":0,"poll_calls":3507,"dropped_queue_full":0,"dropped_payload_too_large":0}
2026-05-07T22:44:49Z [bridge] status role=Unknown worldId=F4EB58F49B43496DDFB0D9390341E188 authoritative=false routeHost=127.0.0.1 autoRoute=true snapshotReceived=false snapshotWorldId=none health=ok snapshotActive=false snapshotSeen=0 snapshotExpected=-1 snapshotRetries=0 pending=0 labels=6 native={"mode":"wts_native_bridge_udp","role":0,"known_clients":0,"udp_server_port":45801,"remote_server_host":"127.0.0.1","remote_server_port":45801,"remote_server_resolved":false,"send_to_server_calls":0,"broadcast_to_clients_calls":0,"poll_calls":7061,"dropped_queue_full":0,"dropped_payload_too_large":0}
2026-05-07T22:45:09Z [bridge] status role=Unknown worldId=F4EB58F49B43496DDFB0D9390341E188 authoritative=false routeHost=127.0.0.1 autoRoute=true snapshotReceived=false snapshotWorldId=none health=ok snapshotActive=false snapshotSeen=0 snapshotExpected=-1 snapshotRetries=0 pending=0 labels=6 native={"mode":"wts_native_bridge_udp","role":0,"known_clients":0,"udp_server_port":45801,"remote_server_host":"127.0.0.1","remote_server_port":45801,"remote_server_resolved":false,"send_to_server_calls":0,"broadcast_to_clients_calls":0,"poll_calls":10570,"dropped_queue_full":0,"dropped_payload_too_large":0}
2026-05-07T22:45:13Z [role] sidecar_route reason=world_authority_absent_remote_cache runtimeRole=RemoteClient dataMode=RemoteClientCache authorityMode=ServerAuthoritativePendingBridge sidecarKind=cache authoritative=false profileRoot=C:\Users\User\AppData\Local\R5\Saved\SaveProfiles\76561198030415692 worldFolderId=1556652C185649FE4F9908010CBF9860 oldSidecar=C:\Users\User\AppData\Local\R5\Saved\SaveProfiles\76561198030415692\WindroseTextSigns\StartupCache\F4EB58F49B43496DDFB0D9390341E188\SignTexts.json newSidecar=C:\Users\User\AppData\Local\R5\Saved\SaveProfiles\76561198030415692\WindroseTextSigns\RemoteCache\1556652C185649FE4F9908010CBF9860\SignTexts.json
2026-05-07T22:45:13Z [save] load_start path=C:\Users\User\AppData\Local\R5\Saved\SaveProfiles\76561198030415692\WindroseTextSigns\RemoteCache\1556652C185649FE4F9908010CBF9860\SignTexts.json
2026-05-07T22:45:13Z [save] load_record key=1556652C185649FE4F9908010CBF9860/BuildingBlock|788158CFF1FB49235F8DB857833B075F|7 stableId=BuildingBlock|788158CFF1FB49235F8DB857833B075F|7 worldId=1556652C185649FE4F9908010CBF9860 path=C:\Users\User\AppData\Local\R5\Saved\SaveProfiles\76561198030415692\WindroseTextSigns\RemoteCache\1556652C185649FE4F9908010CBF9860\SignTexts.json
2026-05-07T22:45:13Z [save] load_record key=1556652C185649FE4F9908010CBF9860/BuildingBlock|788158CFF1FB49235F8DB857833B075F|12 stableId=BuildingBlock|788158CFF1FB49235F8DB857833B075F|12 worldId=1556652C185649FE4F9908010CBF9860 path=C:\Users\User\AppData\Local\R5\Saved\SaveProfiles\76561198030415692\WindroseTextSigns\RemoteCache\1556652C185649FE4F9908010CBF9860\SignTexts.json
2026-05-07T22:45:13Z [save] load_record key=1556652C185649FE4F9908010CBF9860/BuildingBlock|788158CFF1FB49235F8DB857833B075F|15 stableId=BuildingBlock|788158CFF1FB49235F8DB857833B075F|15 worldId=1556652C185649FE4F9908010CBF9860 path=C:\Users\User\AppData\Local\R5\Saved\SaveProfiles\76561198030415692\WindroseTextSigns\RemoteCache\1556652C185649FE4F9908010CBF9860\SignTexts.json
2026-05-07T22:45:13Z [save] load_record key=1556652C185649FE4F9908010CBF9860/BuildingBlock|788158CFF1FB49235F8DB857833B075F|8 stableId=BuildingBlock|788158CFF1FB49235F8DB857833B075F|8 worldId=1556652C185649FE4F9908010CBF9860 path=C:\Users\User\AppData\Local\R5\Saved\SaveProfiles\76561198030415692\WindroseTextSigns\RemoteCache\1556652C185649FE4F9908010CBF9860\SignTexts.json
2026-05-07T22:45:13Z [save] load_record key=1556652C185649FE4F9908010CBF9860/BuildingBlock|788158CFF1FB49235F8DB857833B075F|9 stableId=BuildingBlock|788158CFF1FB49235F8DB857833B075F|9 worldId=1556652C185649FE4F9908010CBF9860 path=C:\Users\User\AppData\Local\R5\Saved\SaveProfiles\76561198030415692\WindroseTextSigns\RemoteCache\1556652C185649FE4F9908010CBF9860\SignTexts.json
2026-05-07T22:45:13Z [save] load_record key=1556652C185649FE4F9908010CBF9860/BuildingBlock|788158CFF1FB49235F8DB857833B075F|14 stableId=BuildingBlock|788158CFF1FB49235F8DB857833B075F|14 worldId=1556652C185649FE4F9908010CBF9860 path=C:\Users\User\AppData\Local\R5\Saved\SaveProfiles\76561198030415692\WindroseTextSigns\RemoteCache\1556652C185649FE4F9908010CBF9860\SignTexts.json
2026-05-07T22:45:13Z [save] load_done records=6 parsedRows=6 revision=67 path=C:\Users\User\AppData\Local\R5\Saved\SaveProfiles\76561198030415692\WindroseTextSigns\RemoteCache\1556652C185649FE4F9908010CBF9860\SignTexts.json
2026-05-07T22:45:13Z [bridge] role_set reason=sidecar_route role=RemoteClient runtimeRole=RemoteClient authorityMode=ServerAuthoritativePendingBridge sidecarKind=cache authoritative=false
2026-05-07T22:45:13Z [role] lock_acquired runtimeRole=RemoteClient bridgeRole=RemoteClient worldId=1556652C185649FE4F9908010CBF9860 reason=role_set_sidecar_route
2026-05-07T22:45:13Z [relay] room_set reason=sidecar_route oldRoomId=wts-v1-f4eb58f49b43496ddfb0d9390341e188 roomId=wts-v1-1556652c185649fe4f9908010cbf9860 worldId=1556652C185649FE4F9908010CBF9860 enabled=false
2026-05-07T22:45:13Z [visual] native_icon_hidden key=1556652C185649FE4F9908010CBF9860/BuildingBlock|788158CFF1FB49235F8DB857833B075F|15 component=Plane hidden=true invisible=false
2026-05-07T22:45:13Z [phase4-font] disabled usingEngineDefault=true
2026-05-07T22:45:13Z [phase4-font] create_component_font component=TextRenderComponent /Game/Maps/GYM/Genlandia/GenlandiaMulty.GenlandiaMulty:PersistentLevel.BuildingBlock|788158CFF1FB49235F8DB857833B075F|15.TextRenderComponent_2147406061 applied=false
2026-05-07T22:45:13Z [phase4] component_created key=1556652C185649FE4F9908010CBF9860/BuildingBlock|788158CFF1FB49235F8DB857833B075F|15 reusedExisting=false component=TextRenderComponent /Game/Maps/GYM/Genlandia/GenlandiaMulty.GenlandiaMulty:PersistentLevel.BuildingBlock|788158CFF1FB49235F8DB857833B075F|15.TextRenderComponent_2147406061
2026-05-07T22:45:13Z [phase4] apply_success key=1556652C185649FE4F9908010CBF9860/BuildingBlock|788158CFF1FB49235F8DB857833B075F|15
2026-05-07T22:45:13Z [phase4] row_center key=1556652C185649FE4F9908010CBF9860/BuildingBlock|788158CFF1FB49235F8DB857833B075F|15 rows=3 fontSize=11.500000 alignYCenter=1.500000
2026-05-07T22:45:13Z [visual] native_icon_hidden key=1556652C185649FE4F9908010CBF9860/BuildingBlock|788158CFF1FB49235F8DB857833B075F|14 component=Plane hidden=true invisible=false
2026-05-07T22:45:13Z [phase4-font] create_component_font component=TextRenderComponent /Game/Maps/GYM/Genlandia/GenlandiaMulty.GenlandiaMulty:PersistentLevel.BuildingBlock|788158CFF1FB49235F8DB857833B075F|14.TextRenderComponent_2147406060 applied=false
2026-05-07T22:45:13Z [phase4] component_created key=1556652C185649FE4F9908010CBF9860/BuildingBlock|788158CFF1FB49235F8DB857833B075F|14 reusedExisting=false component=TextRenderComponent /Game/Maps/GYM/Genlandia/GenlandiaMulty.GenlandiaMulty:PersistentLevel.BuildingBlock|788158CFF1FB49235F8DB857833B075F|14.TextRenderComponent_2147406060
2026-05-07T22:45:13Z [phase4] apply_success key=1556652C185649FE4F9908010CBF9860/BuildingBlock|788158CFF1FB49235F8DB857833B075F|14
2026-05-07T22:45:13Z [phase4] row_center key=1556652C185649FE4F9908010CBF9860/BuildingBlock|788158CFF1FB49235F8DB857833B075F|14 rows=4 fontSize=10.000000 alignYCenter=1.500000
2026-05-07T22:45:13Z [visual] native_icon_hidden key=1556652C185649FE4F9908010CBF9860/BuildingBlock|788158CFF1FB49235F8DB857833B075F|12 component=Plane hidden=true invisible=false
2026-05-07T22:45:13Z [phase4-font] create_component_font component=TextRenderComponent /Game/Maps/GYM/Genlandia/GenlandiaMulty.GenlandiaMulty:PersistentLevel.BuildingBlock|788158CFF1FB49235F8DB857833B075F|12.TextRenderComponent_2147406059 applied=false
2026-05-07T22:45:13Z [phase4] component_created key=1556652C185649FE4F9908010CBF9860/BuildingBlock|788158CFF1FB49235F8DB857833B075F|12 reusedExisting=false component=TextRenderComponent /Game/Maps/GYM/Genlandia/GenlandiaMulty.GenlandiaMulty:PersistentLevel.BuildingBlock|788158CFF1FB49235F8DB857833B075F|12.TextRenderComponent_2147406059
2026-05-07T22:45:13Z [phase4] apply_success key=1556652C185649FE4F9908010CBF9860/BuildingBlock|788158CFF1FB49235F8DB857833B075F|12
2026-05-07T22:45:13Z [phase4] row_center key=1556652C185649FE4F9908010CBF9860/BuildingBlock|788158CFF1FB49235F8DB857833B075F|12 rows=1 fontSize=10.500000 alignYCenter=1.500000
2026-05-07T22:45:13Z [visual] native_icon_hidden key=1556652C185649FE4F9908010CBF9860/BuildingBlock|788158CFF1FB49235F8DB857833B075F|9 component=Plane hidden=true invisible=false
2026-05-07T22:45:13Z [phase4-font] create_component_font component=TextRenderComponent /Game/Maps/GYM/Genlandia/GenlandiaMulty.GenlandiaMulty:PersistentLevel.BuildingBlock|788158CFF1FB49235F8DB857833B075F|9.TextRenderComponent_2147406058 applied=false
2026-05-07T22:45:13Z [phase4] component_created key=1556652C185649FE4F9908010CBF9860/BuildingBlock|788158CFF1FB49235F8DB857833B075F|9 reusedExisting=false component=TextRenderComponent /Game/Maps/GYM/Genlandia/GenlandiaMulty.GenlandiaMulty:PersistentLevel.BuildingBlock|788158CFF1FB49235F8DB857833B075F|9.TextRenderComponent_2147406058
2026-05-07T22:45:13Z [phase4] apply_success key=1556652C185649FE4F9908010CBF9860/BuildingBlock|788158CFF1FB49235F8DB857833B075F|9
2026-05-07T22:45:13Z [phase4] row_center key=1556652C185649FE4F9908010CBF9860/BuildingBlock|788158CFF1FB49235F8DB857833B075F|9 rows=2 fontSize=10.000000 alignYCenter=1.500000
2026-05-07T22:45:13Z [visual] native_icon_hidden key=1556652C185649FE4F9908010CBF9860/BuildingBlock|788158CFF1FB49235F8DB857833B075F|8 component=Plane hidden=true invisible=false
2026-05-07T22:45:13Z [phase4-font] create_component_font component=TextRenderComponent /Game/Maps/GYM/Genlandia/GenlandiaMulty.GenlandiaMulty:PersistentLevel.BuildingBlock|788158CFF1FB49235F8DB857833B075F|8.TextRenderComponent_2147406054 applied=false
2026-05-07T22:45:13Z [phase4] component_created key=1556652C185649FE4F9908010CBF9860/BuildingBlock|788158CFF1FB49235F8DB857833B075F|8 reusedExisting=false component=TextRenderComponent /Game/Maps/GYM/Genlandia/GenlandiaMulty.GenlandiaMulty:PersistentLevel.BuildingBlock|788158CFF1FB49235F8DB857833B075F|8.TextRenderComponent_2147406054
2026-05-07T22:45:13Z [phase4] apply_success key=1556652C185649FE4F9908010CBF9860/BuildingBlock|788158CFF1FB49235F8DB857833B075F|8
2026-05-07T22:45:13Z [phase4] row_center key=1556652C185649FE4F9908010CBF9860/BuildingBlock|788158CFF1FB49235F8DB857833B075F|8 rows=4 fontSize=10.000000 alignYCenter=1.500000
2026-05-07T22:45:13Z [visual] native_icon_hidden key=1556652C185649FE4F9908010CBF9860/BuildingBlock|788158CFF1FB49235F8DB857833B075F|7 component=Plane hidden=true invisible=false
2026-05-07T22:45:13Z [phase4-font] create_component_font component=TextRenderComponent /Game/Maps/GYM/Genlandia/GenlandiaMulty.GenlandiaMulty:PersistentLevel.BuildingBlock|788158CFF1FB49235F8DB857833B075F|7.TextRenderComponent_2147406046 applied=false
2026-05-07T22:45:13Z [phase4] component_created key=1556652C185649FE4F9908010CBF9860/BuildingBlock|788158CFF1FB49235F8DB857833B075F|7 reusedExisting=false component=TextRenderComponent /Game/Maps/GYM/Genlandia/GenlandiaMulty.GenlandiaMulty:PersistentLevel.BuildingBlock|788158CFF1FB49235F8DB857833B075F|7.TextRenderComponent_2147406046
2026-05-07T22:45:13Z [phase4] apply_success key=1556652C185649FE4F9908010CBF9860/BuildingBlock|788158CFF1FB49235F8DB857833B075F|7
2026-05-07T22:45:13Z [phase4] row_center key=1556652C185649FE4F9908010CBF9860/BuildingBlock|788158CFF1FB49235F8DB857833B075F|7 rows=2 fontSize=10.500000 alignYCenter=1.500000
2026-05-07T22:45:13Z [bridge-route] recovery_pass_start reason=degraded_unsynced routeLocked=false routeHost=127.0.0.1
2026-05-07T22:45:13Z [bridge-route] candidate_rejected host=192.168.0.10 reason=not_same_subnet_private localHosts=172.20.10.6
2026-05-07T22:45:13Z [bridge-route] discovered host=50.53.209.78 reason=public_srflx_candidate port=45801 logPath=C:\Users\User\AppData\Local\R5\Saved\Logs\R5.log remoteHostCandidate=192.168.0.10 remotePublicCandidate=50.53.209.78 localHosts=172.20.10.6 candidates=50.53.209.78
2026-05-07T22:45:13Z [bridge-route] lock_acquired host=50.53.209.78 reason=first_viable_candidate
2026-05-07T22:45:13Z [bridge] snapshot_request reason=post_bootstrap_sync sent=true role=RemoteClient worldId=1556652C185649FE4F9908010CBF9860 serverHost=50.53.209.78 pending=0 retryAttempt=1
2026-05-07T22:45:13Z [bridge] snapshot_begin id=2026-05-07T22:44:10Z-WindroseServer-Win64-Shipping.exe-rev71-count8-seq0 expected=8 reason=upsert
2026-05-07T22:45:13Z [phase4] component_created key=1556652C185649FE4F9908010CBF9860/BuildingBlock|788158CFF1FB49235F8DB857833B075F|7 reusedExisting=true component=TextRenderComponent /Game/Maps/GYM/Genlandia/GenlandiaMulty.GenlandiaMulty:PersistentLevel.BuildingBlock|788158CFF1FB49235F8DB857833B075F|7.TextRenderComponent_2147406046
2026-05-07T22:45:13Z [phase4] apply_success key=1556652C185649FE4F9908010CBF9860/BuildingBlock|788158CFF1FB49235F8DB857833B075F|7
2026-05-07T22:45:13Z [phase4] row_center key=1556652C185649FE4F9908010CBF9860/BuildingBlock|788158CFF1FB49235F8DB857833B075F|7 rows=2 fontSize=10.500000 alignYCenter=1.500000
2026-05-07T22:45:13Z [bridge] client_upsert_applied key=1556652C185649FE4F9908010CBF9860/BuildingBlock|788158CFF1FB49235F8DB857833B075F|7 stableId=BuildingBlock|788158CFF1FB49235F8DB857833B075F|7 localWorldId=1556652C185649FE4F9908010CBF9860 changed=false ackedPending=false renderSuppressed=false pending=0 textChars=21
2026-05-07T22:45:13Z [phase4] component_created key=1556652C185649FE4F9908010CBF9860/BuildingBlock|788158CFF1FB49235F8DB857833B075F|12 reusedExisting=true component=TextRenderComponent /Game/Maps/GYM/Genlandia/GenlandiaMulty.GenlandiaMulty:PersistentLevel.BuildingBlock|788158CFF1FB49235F8DB857833B075F|12.TextRenderComponent_2147406059
2026-05-07T22:45:13Z [phase4] apply_success key=1556652C185649FE4F9908010CBF9860/BuildingBlock|788158CFF1FB49235F8DB857833B075F|12
2026-05-07T22:45:13Z [phase4] row_center key=1556652C185649FE4F9908010CBF9860/BuildingBlock|788158CFF1FB49235F8DB857833B075F|12 rows=1 fontSize=10.500000 alignYCenter=1.500000
2026-05-07T22:45:13Z [bridge] client_upsert_applied key=1556652C185649FE4F9908010CBF9860/BuildingBlock|788158CFF1FB49235F8DB857833B075F|12 stableId=BuildingBlock|788158CFF1FB49235F8DB857833B075F|12 localWorldId=1556652C185649FE4F9908010CBF9860 changed=false ackedPending=false renderSuppressed=false pending=0 textChars=11
2026-05-07T22:45:13Z [phase4] component_created key=1556652C185649FE4F9908010CBF9860/BuildingBlock|788158CFF1FB49235F8DB857833B075F|15 reusedExisting=true component=TextRenderComponent /Game/Maps/GYM/Genlandia/GenlandiaMulty.GenlandiaMulty:PersistentLevel.BuildingBlock|788158CFF1FB49235F8DB857833B075F|15.TextRenderComponent_2147406061
2026-05-07T22:45:13Z [phase4] apply_success key=1556652C185649FE4F9908010CBF9860/BuildingBlock|788158CFF1FB49235F8DB857833B075F|15
2026-05-07T22:45:13Z [phase4] row_center key=1556652C185649FE4F9908010CBF9860/BuildingBlock|788158CFF1FB49235F8DB857833B075F|15 rows=3 fontSize=11.500000 alignYCenter=1.500000
2026-05-07T22:45:13Z [bridge] client_upsert_applied key=1556652C185649FE4F9908010CBF9860/BuildingBlock|788158CFF1FB49235F8DB857833B075F|15 stableId=BuildingBlock|788158CFF1FB49235F8DB857833B075F|15 localWorldId=1556652C185649FE4F9908010CBF9860 changed=false ackedPending=false renderSuppressed=false pending=0 textChars=26
2026-05-07T22:45:13Z [phase4] component_created key=1556652C185649FE4F9908010CBF9860/BuildingBlock|788158CFF1FB49235F8DB857833B075F|8 reusedExisting=true component=TextRenderComponent /Game/Maps/GYM/Genlandia/GenlandiaMulty.GenlandiaMulty:PersistentLevel.BuildingBlock|788158CFF1FB49235F8DB857833B075F|8.TextRenderComponent_2147406054
2026-05-07T22:45:13Z [phase4] apply_success key=1556652C185649FE4F9908010CBF9860/BuildingBlock|788158CFF1FB49235F8DB857833B075F|8
2026-05-07T22:45:13Z [phase4] row_center key=1556652C185649FE4F9908010CBF9860/BuildingBlock|788158CFF1FB49235F8DB857833B075F|8 rows=4 fontSize=10.000000 alignYCenter=1.500000
2026-05-07T22:45:13Z [bridge] client_upsert_applied key=1556652C185649FE4F9908010CBF9860/BuildingBlock|788158CFF1FB49235F8DB857833B075F|8 stableId=BuildingBlock|788158CFF1FB49235F8DB857833B075F|8 localWorldId=1556652C185649FE4F9908010CBF9860 changed=false ackedPending=false renderSuppressed=false pending=0 textChars=33
2026-05-07T22:45:14Z [phase4] component_created key=1556652C185649FE4F9908010CBF9860/BuildingBlock|788158CFF1FB49235F8DB857833B075F|9 reusedExisting=true component=TextRenderComponent /Game/Maps/GYM/Genlandia/GenlandiaMulty.GenlandiaMulty:PersistentLevel.BuildingBlock|788158CFF1FB49235F8DB857833B075F|9.TextRenderComponent_2147406058
2026-05-07T22:45:14Z [phase4] apply_success key=1556652C185649FE4F9908010CBF9860/BuildingBlock|788158CFF1FB49235F8DB857833B075F|9
2026-05-07T22:45:14Z [phase4] row_center key=1556652C185649FE4F9908010CBF9860/BuildingBlock|788158CFF1FB49235F8DB857833B075F|9 rows=2 fontSize=10.000000 alignYCenter=1.500000
2026-05-07T22:45:14Z [bridge] client_upsert_applied key=1556652C185649FE4F9908010CBF9860/BuildingBlock|788158CFF1FB49235F8DB857833B075F|9 stableId=BuildingBlock|788158CFF1FB49235F8DB857833B075F|9 localWorldId=1556652C185649FE4F9908010CBF9860 changed=false ackedPending=false renderSuppressed=false pending=0 textChars=23
2026-05-07T22:45:14Z [phase4] component_created key=1556652C185649FE4F9908010CBF9860/BuildingBlock|788158CFF1FB49235F8DB857833B075F|14 reusedExisting=true component=TextRenderComponent /Game/Maps/GYM/Genlandia/GenlandiaMulty.GenlandiaMulty:PersistentLevel.BuildingBlock|788158CFF1FB49235F8DB857833B075F|14.TextRenderComponent_2147406060
2026-05-07T22:45:14Z [phase4] apply_success key=1556652C185649FE4F9908010CBF9860/BuildingBlock|788158CFF1FB49235F8DB857833B075F|14
2026-05-07T22:45:14Z [phase4] row_center key=1556652C185649FE4F9908010CBF9860/BuildingBlock|788158CFF1FB49235F8DB857833B075F|14 rows=4 fontSize=10.000000 alignYCenter=1.500000
2026-05-07T22:45:14Z [bridge] client_upsert_applied key=1556652C185649FE4F9908010CBF9860/BuildingBlock|788158CFF1FB49235F8DB857833B075F|14 stableId=BuildingBlock|788158CFF1FB49235F8DB857833B075F|14 localWorldId=1556652C185649FE4F9908010CBF9860 changed=false ackedPending=false renderSuppressed=false pending=0 textChars=36
2026-05-07T22:45:14Z [save] write_done reason=bridge_cache_upsert key=1556652C185649FE4F9908010CBF9860/BuildingBlock|788158CFF1FB49235F8DB857833B075F|13 stableId=BuildingBlock|788158CFF1FB49235F8DB857833B075F|13 worldId=1556652C185649FE4F9908010CBF9860 records=7 runtimeRole=RemoteClient authorityMode=ServerAuthoritativePendingBridge sidecarKind=cache revision=71 path=C:\Users\User\AppData\Local\R5\Saved\SaveProfiles\76561198030415692\WindroseTextSigns\RemoteCache\1556652C185649FE4F9908010CBF9860\SignTexts.json backup=C:\Users\User\AppData\Local\R5\Saved\SaveProfiles\76561198030415692\WindroseTextSigns\RemoteCache\1556652C185649FE4F9908010CBF9860\SignTexts.json.bak
2026-05-07T22:45:14Z [save] snapshot_write path=C:\Users\User\AppData\Local\R5\Saved\SaveProfiles\76561198030415692\WindroseTextSigns\RemoteCache\1556652C185649FE4F9908010CBF9860\Backups\SignTexts.backup_20260507_224514_bridge_cache_upsert.json reason=bridge_cache_upsert
2026-05-07T22:45:14Z [visual] native_icon_hidden key=1556652C185649FE4F9908010CBF9860/BuildingBlock|788158CFF1FB49235F8DB857833B075F|13 component=Plane hidden=true invisible=false
2026-05-07T22:45:14Z [phase4-font] create_component_font component=TextRenderComponent /Game/Maps/GYM/Genlandia/GenlandiaMulty.GenlandiaMulty:PersistentLevel.BuildingBlock|788158CFF1FB49235F8DB857833B075F|13.TextRenderComponent_2147404578 applied=false
2026-05-07T22:45:14Z [phase4] component_created key=1556652C185649FE4F9908010CBF9860/BuildingBlock|788158CFF1FB49235F8DB857833B075F|13 reusedExisting=false component=TextRenderComponent /Game/Maps/GYM/Genlandia/GenlandiaMulty.GenlandiaMulty:PersistentLevel.BuildingBlock|788158CFF1FB49235F8DB857833B075F|13.TextRenderComponent_2147404578
2026-05-07T22:45:14Z [phase4] apply_success key=1556652C185649FE4F9908010CBF9860/BuildingBlock|788158CFF1FB49235F8DB857833B075F|13
2026-05-07T22:45:14Z [phase4] row_center key=1556652C185649FE4F9908010CBF9860/BuildingBlock|788158CFF1FB49235F8DB857833B075F|13 rows=1 fontSize=16.500000 alignYCenter=1.500000
2026-05-07T22:45:14Z [bridge] client_upsert_applied key=1556652C185649FE4F9908010CBF9860/BuildingBlock|788158CFF1FB49235F8DB857833B075F|13 stableId=BuildingBlock|788158CFF1FB49235F8DB857833B075F|13 localWorldId=1556652C185649FE4F9908010CBF9860 changed=true ackedPending=false renderSuppressed=false pending=0 textChars=4
2026-05-07T22:45:14Z [save] write_done reason=bridge_cache_upsert key=1556652C185649FE4F9908010CBF9860/BuildingBlock|788158CFF1FB49235F8DB857833B075F|11 stableId=BuildingBlock|788158CFF1FB49235F8DB857833B075F|11 worldId=1556652C185649FE4F9908010CBF9860 records=8 runtimeRole=RemoteClient authorityMode=ServerAuthoritativePendingBridge sidecarKind=cache revision=71 path=C:\Users\User\AppData\Local\R5\Saved\SaveProfiles\76561198030415692\WindroseTextSigns\RemoteCache\1556652C185649FE4F9908010CBF9860\SignTexts.json backup=C:\Users\User\AppData\Local\R5\Saved\SaveProfiles\76561198030415692\WindroseTextSigns\RemoteCache\1556652C185649FE4F9908010CBF9860\SignTexts.json.bak
2026-05-07T22:45:14Z [visual] native_icon_hidden key=1556652C185649FE4F9908010CBF9860/BuildingBlock|788158CFF1FB49235F8DB857833B075F|11 component=Plane hidden=true invisible=false
2026-05-07T22:45:14Z [phase4-font] create_component_font component=TextRenderComponent /Game/Maps/GYM/Genlandia/GenlandiaMulty.GenlandiaMulty:PersistentLevel.BuildingBlock|788158CFF1FB49235F8DB857833B075F|11.TextRenderComponent_2147404446 applied=false
2026-05-07T22:45:14Z [phase4] component_created key=1556652C185649FE4F9908010CBF9860/BuildingBlock|788158CFF1FB49235F8DB857833B075F|11 reusedExisting=false component=TextRenderComponent /Game/Maps/GYM/Genlandia/GenlandiaMulty.GenlandiaMulty:PersistentLevel.BuildingBlock|788158CFF1FB49235F8DB857833B075F|11.TextRenderComponent_2147404446
2026-05-07T22:45:14Z [phase4] apply_success key=1556652C185649FE4F9908010CBF9860/BuildingBlock|788158CFF1FB49235F8DB857833B075F|11
2026-05-07T22:45:14Z [phase4] row_center key=1556652C185649FE4F9908010CBF9860/BuildingBlock|788158CFF1FB49235F8DB857833B075F|11 rows=1 fontSize=12.500000 alignYCenter=1.500000
2026-05-07T22:45:14Z [bridge] client_upsert_applied key=1556652C185649FE4F9908010CBF9860/BuildingBlock|788158CFF1FB49235F8DB857833B075F|11 stableId=BuildingBlock|788158CFF1FB49235F8DB857833B075F|11 localWorldId=1556652C185649FE4F9908010CBF9860 changed=true ackedPending=false renderSuppressed=false pending=0 textChars=9
2026-05-07T22:45:14Z [bridge] snapshot_end revision=71 role=RemoteClient id=2026-05-07T22:44:10Z-WindroseServer-Win64-Shipping.exe-rev71-count8-seq0 seen=8 expected=8 complete=true
2026-05-07T22:45:14Z [bridge] snapshot_reconcile reason=snapshot_complete seen=8 removed=0 pendingSkipped=0 remaining=8 worldId=1556652C185649FE4F9908010CBF9860
2026-05-07T22:45:15Z [session] bootstrap_end stage=ready_for_player_input runtimeRole=RemoteClient authorityMode=ServerAuthoritativePendingBridge sidecarKind=cache sidecarPath=C:\Users\User\AppData\Local\R5\Saved\SaveProfiles\76561198030415692\WindroseTextSigns\RemoteCache\1556652C185649FE4F9908010CBF9860\SignTexts.json bridgeRole=RemoteClient labels=8
2026-05-07T22:45:29Z [bridge] status role=RemoteClient worldId=1556652C185649FE4F9908010CBF9860 authoritative=false routeHost=50.53.209.78 autoRoute=true snapshotReceived=true snapshotWorldId=1556652C185649FE4F9908010CBF9860 health=ok snapshotActive=false snapshotSeen=0 snapshotExpected=-1 snapshotRetries=0 pending=0 labels=8 native={"mode":"wts_native_bridge_udp","role":3,"known_clients":0,"udp_server_port":45801,"remote_server_host":"50.53.209.78","remote_server_port":45801,"remote_server_resolved":true,"send_to_server_calls":1,"broadcast_to_clients_calls":0,"poll_calls":13801,"dropped_queue_full":0,"dropped_payload_too_large":0}
2026-05-07T22:45:49Z [bridge] status role=RemoteClient worldId=1556652C185649FE4F9908010CBF9860 authoritative=false routeHost=50.53.209.78 autoRoute=true snapshotReceived=true snapshotWorldId=1556652C185649FE4F9908010CBF9860 health=ok snapshotActive=false snapshotSeen=0 snapshotExpected=-1 snapshotRetries=0 pending=0 labels=8 native={"mode":"wts_native_bridge_udp","role":3,"known_clients":0,"udp_server_port":45801,"remote_server_host":"50.53.209.78","remote_server_port":45801,"remote_server_resolved":true,"send_to_server_calls":1,"broadcast_to_clients_calls":0,"poll_calls":17156,"dropped_queue_full":0,"dropped_payload_too_large":0}
